#
# There is insufficient memory for the Java Runtime Environment to continue.
# Native memory allocation (mmap) failed to map 134217728 bytes for G1 virtual space
# Possible reasons:
#   The system is out of physical RAM or swap space
#   The process is running with CompressedOops enabled, and the Java Heap may be blocking the growth of the native heap
# Possible solutions:
#   Reduce memory load on the system
#   Increase physical memory or swap space
#   Check if swap backing store is full
#   Decrease Java heap size (-Xmx/-Xms)
#   Decrease number of Java threads
#   Decrease Java thread stack sizes (-Xss)
#   Set larger code cache with -XX:ReservedCodeCacheSize=
#   JVM is running with Unscaled Compressed Oops mode in which the Java heap is
#     placed in the first 4GB address space. The Java Heap base address is the
#     maximum limit for the native heap growth. Please use -XX:HeapBaseMinAddress
#     to set the Java Heap base and to place the Java Heap above 4GB virtual address.
# This output file may be truncated or incomplete.
#
#  Out of Memory Error (os_windows.cpp:3550), pid=5484, tid=11340
#
# JRE version:  (17.0.8+9) (build )
# Java VM: Java HotSpot(TM) 64-Bit Server VM (17.0.8+9-LTS-211, mixed mode, sharing, tiered, compressed oops, compressed class ptrs, g1 gc, windows-amd64)
# No core dump will be written. Minidumps are not enabled by default on client versions of Windows
#

---------------  S U M M A R Y ------------

Command Line: -Dfile.encoding=UTF-8 --module-path=D:\Mis documentos\NetBeansProjects\Bank-management-System-in-java\build\classes presentacion.MainFrm

Host: AMD Ryzen 5 3600 6-Core Processor              , 12 cores, 7G,  Windows 10 , 64 bit Build 19041 (10.0.19041.4597)
Time: Sat Aug 10 19:34:37 2024 Hora est. Pacífico, Sudamérica elapsed time: 0.014173 seconds (0d 0h 0m 0s)

---------------  T H R E A D  ---------------

Current thread (0x000002bcbc7601f0):  JavaThread "Unknown thread" [_thread_in_vm, id=11340, stack(0x000000ecc1700000,0x000000ecc1800000)]

Stack: [0x000000ecc1700000,0x000000ecc1800000]
Native frames: (J=compiled Java code, j=interpreted, Vv=VM code, C=native code)
V  [jvm.dll+0x677d0a]
V  [jvm.dll+0x7d8c54]
V  [jvm.dll+0x7da3fe]
V  [jvm.dll+0x7daa63]
V  [jvm.dll+0x245c5f]
V  [jvm.dll+0x674bb9]
V  [jvm.dll+0x6694f2]
V  [jvm.dll+0x3031d6]
V  [jvm.dll+0x30a756]
V  [jvm.dll+0x359f9e]
V  [jvm.dll+0x35a1cf]
V  [jvm.dll+0x2da3e8]
V  [jvm.dll+0x2db354]
V  [jvm.dll+0x7aa711]
V  [jvm.dll+0x367b51]
V  [jvm.dll+0x789979]
V  [jvm.dll+0x3eb05f]
V  [jvm.dll+0x3ecae1]
C  [jli.dll+0x5297]
C  [ucrtbase.dll+0x21bb2]
C  [KERNEL32.DLL+0x17374]
C  [ntdll.dll+0x4cc91]


---------------  P R O C E S S  ---------------

Threads class SMR info:
_java_thread_list=0x00007ffce6f159d8, length=0, elements={
}

Java Threads: ( => current thread )

Other Threads:
  0x000002bcbc7bd520 GCTaskThread "GC Thread#0" [stack: 0x000000ecc1800000,0x000000ecc1900000] [id=21540]
  0x000002bcbc7cf100 ConcurrentGCThread "G1 Main Marker" [stack: 0x000000ecc1900000,0x000000ecc1a00000] [id=24720]
  0x000002bcbc7d01c0 ConcurrentGCThread "G1 Conc#0" [stack: 0x000000ecc1a00000,0x000000ecc1b00000] [id=12432]

[error occurred during error reporting (printing all threads), id 0xc0000005, EXCEPTION_ACCESS_VIOLATION (0xc0000005) at pc=0x00007ffce674b047]

VM state: not at safepoint (not fully initialized)

VM Mutex/Monitor currently owned by a thread:  ([mutex/lock_event])
[0x000002bcbc75cd00] Heap_lock - owner thread: 0x000002bcbc7601f0

Heap address: 0x0000000081400000, size: 2028 MB, Compressed Oops mode: 32-bit

CDS archive(s) mapped at: [0x0000000000000000-0x0000000000000000-0x0000000000000000), size 0, SharedBaseAddress: 0x0000000800000000, ArchiveRelocationMode: 1.
Narrow klass base: 0x0000000000000000, Narrow klass shift: 0, Narrow klass range: 0x0

GC Precious Log:
<Empty>

Heap:
 garbage-first heap   total 0K, used 0K [0x0000000081400000, 0x0000000100000000)
  region size 1024K, 0 young (0K), 0 survivors (0K)

[error occurred during error reporting (printing heap information), id 0xc0000005, EXCEPTION_ACCESS_VIOLATION (0xc0000005) at pc=0x00007ffce6b31499]

GC Heap History (0 events):
No events

Deoptimization events (0 events):
No events

Classes unloaded (0 events):
No events

Classes redefined (0 events):
No events

Internal exceptions (0 events):
No events

VM Operations (0 events):
No events

Events (1 events):
Event: 0.003 Loaded shared library C:\Program Files\Java\jdk-17\bin\java.dll


Dynamic libraries:
0x00007ff6fe930000 - 0x00007ff6fe940000 	C:\Program Files\Java\jdk-17\bin\java.exe
0x00007ffd73b10000 - 0x00007ffd73d08000 	C:\Windows\SYSTEM32\ntdll.dll
0x00007ffd72c00000 - 0x00007ffd72cc1000 	C:\Windows\System32\KERNEL32.DLL
0x00007ffd711c0000 - 0x00007ffd714b6000 	C:\Windows\System32\KERNELBASE.dll
0x00007ffd718f0000 - 0x00007ffd719f0000 	C:\Windows\System32\ucrtbase.dll
0x00007ffd6e3b0000 - 0x00007ffd6e3c9000 	C:\Program Files\Java\jdk-17\bin\jli.dll
0x00007ffd6e300000 - 0x00007ffd6e31b000 	C:\Program Files\Java\jdk-17\bin\VCRUNTIME140.dll
0x00007ffd71b40000 - 0x00007ffd71bf0000 	C:\Windows\System32\ADVAPI32.dll
0x00007ffd72f70000 - 0x00007ffd7300e000 	C:\Windows\System32\msvcrt.dll
0x00007ffd71e80000 - 0x00007ffd71f20000 	C:\Windows\System32\sechost.dll
0x00007ffd71d10000 - 0x00007ffd71e33000 	C:\Windows\System32\RPCRT4.dll
0x00007ffd718c0000 - 0x00007ffd718e7000 	C:\Windows\System32\bcrypt.dll
0x00007ffd731a0000 - 0x00007ffd7333f000 	C:\Windows\System32\USER32.dll
0x00007ffd71610000 - 0x00007ffd71632000 	C:\Windows\System32\win32u.dll
0x00007ffd660e0000 - 0x00007ffd6637a000 	C:\Windows\WinSxS\amd64_microsoft.windows.common-controls_6595b64144ccf1df_6.0.19041.4355_none_60b8b9eb71f62e16\COMCTL32.dll
0x00007ffd73480000 - 0x00007ffd734ab000 	C:\Windows\System32\GDI32.dll
0x00007ffd71640000 - 0x00007ffd71757000 	C:\Windows\System32\gdi32full.dll
0x00007ffd71aa0000 - 0x00007ffd71b3d000 	C:\Windows\System32\msvcp_win.dll
0x00007ffd69c90000 - 0x00007ffd69c9a000 	C:\Windows\SYSTEM32\VERSION.dll
0x00007ffd71e50000 - 0x00007ffd71e7f000 	C:\Windows\System32\IMM32.DLL
0x00007ffd6bd30000 - 0x00007ffd6bd3c000 	C:\Program Files\Java\jdk-17\bin\vcruntime140_1.dll
0x00007ffd594f0000 - 0x00007ffd5957e000 	C:\Program Files\Java\jdk-17\bin\msvcp140.dll
0x00007ffce6460000 - 0x00007ffce703e000 	C:\Program Files\Java\jdk-17\bin\server\jvm.dll
0x00007ffd73470000 - 0x00007ffd73478000 	C:\Windows\System32\PSAPI.DLL
0x00007ffd57980000 - 0x00007ffd57989000 	C:\Windows\SYSTEM32\WSOCK32.dll
0x00007ffd66a90000 - 0x00007ffd66ab7000 	C:\Windows\SYSTEM32\WINMM.dll
0x00007ffd71ca0000 - 0x00007ffd71d0b000 	C:\Windows\System32\WS2_32.dll
0x00007ffd6f060000 - 0x00007ffd6f072000 	C:\Windows\SYSTEM32\kernel.appcore.dll
0x00007ffd6bd20000 - 0x00007ffd6bd2a000 	C:\Program Files\Java\jdk-17\bin\jimage.dll
0x00007ffd67ff0000 - 0x00007ffd681d4000 	C:\Windows\SYSTEM32\DBGHELP.DLL
0x00007ffd67a80000 - 0x00007ffd67ab4000 	C:\Windows\SYSTEM32\dbgcore.DLL
0x00007ffd714c0000 - 0x00007ffd71542000 	C:\Windows\System32\bcryptPrimitives.dll
0x00007ffd5ae70000 - 0x00007ffd5ae95000 	C:\Program Files\Java\jdk-17\bin\java.dll

dbghelp: loaded successfully - version: 4.0.5 - missing functions: none
symbol engine: initialized successfully - sym options: 0x614 - pdb path: .;C:\Program Files\Java\jdk-17\bin;C:\Windows\SYSTEM32;C:\Windows\WinSxS\amd64_microsoft.windows.common-controls_6595b64144ccf1df_6.0.19041.4355_none_60b8b9eb71f62e16;C:\Program Files\Java\jdk-17\bin\server

VM Arguments:
jvm_args: -Dfile.encoding=UTF-8 --module-path=D:\Mis documentos\NetBeansProjects\Bank-management-System-in-java\build\classes 
java_command: presentacion.MainFrm
java_class_path (initial): C:\Program Files\NetBeans-17\netbeans\java\modules\ext\AbsoluteLayout.jar;D:\Mis documentos\NetBeansProjects\Bank-management-System-in-java\build\classes
Launcher Type: SUN_STANDARD

[Global flags]
     intx CICompilerCount                          = 4                                         {product} {ergonomic}
     uint ConcGCThreads                            = 3                                         {product} {ergonomic}
     uint G1ConcRefinementThreads                  = 10                                        {product} {ergonomic}
   size_t G1HeapRegionSize                         = 1048576                                   {product} {ergonomic}
    uintx GCDrainStackTargetSize                   = 64                                        {product} {ergonomic}
   size_t InitialHeapSize                          = 134217728                                 {product} {ergonomic}
   size_t MarkStackSize                            = 4194304                                   {product} {ergonomic}
   size_t MaxHeapSize                              = 2126512128                                {product} {ergonomic}
   size_t MinHeapDeltaBytes                        = 1048576                                   {product} {ergonomic}
   size_t MinHeapSize                              = 8388608                                   {product} {ergonomic}
    uintx NonNMethodCodeHeapSize                   = 5839372                                {pd product} {ergonomic}
    uintx NonProfiledCodeHeapSize                  = 122909434                              {pd product} {ergonomic}
    uintx ProfiledCodeHeapSize                     = 122909434                              {pd product} {ergonomic}
    uintx ReservedCodeCacheSize                    = 251658240                              {pd product} {ergonomic}
     bool SegmentedCodeCache                       = true                                      {product} {ergonomic}
   size_t SoftMaxHeapSize                          = 2126512128                             {manageable} {ergonomic}
     bool UseCompressedClassPointers               = true                           {product lp64_product} {ergonomic}
     bool UseCompressedOops                        = true                           {product lp64_product} {ergonomic}
     bool UseG1GC                                  = true                                      {product} {ergonomic}
     bool UseLargePagesIndividualAllocation        = false                                  {pd product} {ergonomic}

Logging:
Log output configuration:
 #0: stdout all=warning uptime,level,tags
 #1: stderr all=off uptime,level,tags

Environment Variables:
PATH=C:\Program Files\Common Files\Oracle\Java\javapath;C:\Program Files (x86)\Common Files\Oracle\Java\javapath;C:\Windows\system32;C:\Windows;C:\Windows\System32\Wbem;C:\Windows\System32\WindowsPowerShell\v1.0\;C:\Windows\System32\OpenSSH\;C:\Program Files (x86)\NVIDIA Corporation\PhysX\Common;C:\Users\Manuel Arteaga\AppData\Local\Programs\Python\Launcher\;C:\Users\Manuel Arteaga\AppData\Local\Microsoft\WindowsApps;D:\Microsoft VS Code\bin
USERNAME=Manuel Arteaga
OS=Windows_NT
PROCESSOR_IDENTIFIER=AMD64 Family 23 Model 113 Stepping 0, AuthenticAMD



---------------  S Y S T E M  ---------------

OS:
 Windows 10 , 64 bit Build 19041 (10.0.19041.4597)
OS uptime: 0 days 10:50 hours

CPU: total 12 (initial active 12) (12 cores per cpu, 2 threads per core) family 23 model 113 stepping 0 microcode 0x0, cx8, cmov, fxsr, ht, mmx, 3dnowpref, sse, sse2, sse3, ssse3, sse4a, sse4.1, sse4.2, popcnt, lzcnt, tsc, tscinvbit, avx, avx2, aes, clmul, bmi1, bmi2, adx, sha, fma, vzeroupper, clflush, clflushopt

Memory: 4k page, system-wide physical 8110M (429M free)
TotalPageFile size 24494M (AvailPageFile size 86M)
current process WorkingSet (physical memory assigned to process): 10M, peak: 10M
current process commit charge ("private bytes"): 64M, peak: 192M

vm_info: Java HotSpot(TM) 64-Bit Server VM (17.0.8+9-LTS-211) for windows-amd64 JRE (17.0.8+9-LTS-211), built on Jun 14 2023 10:34:31 by "mach5one" with MS VC++ 17.1 (VS2022)

END.
