#
# There is insufficient memory for the Java Runtime Environment to continue.
# Native memory allocation (malloc) failed to allocate 68016 bytes for Chunk::new
# Possible reasons:
#   The system is out of physical RAM or swap space
#   The process is running with CompressedOops enabled, and the Java Heap may be blocking the growth of the native heap
# Possible solutions:
#   Reduce memory load on the system
#   Increase physical memory or swap space
#   Check if swap backing store is full
#   Decrease Java heap size (-Xmx/-Xms)
#   Decrease number of Java threads
#   Decrease Java thread stack sizes (-Xss)
#   Set larger code cache with -XX:ReservedCodeCacheSize=
#   JVM is running with Unscaled Compressed Oops mode in which the Java heap is
#     placed in the first 4GB address space. The Java Heap base address is the
#     maximum limit for the native heap growth. Please use -XX:HeapBaseMinAddress
#     to set the Java Heap base and to place the Java Heap above 4GB virtual address.
# This output file may be truncated or incomplete.
#
#  Out of Memory Error (arena.cpp:189), pid=3160, tid=21820
#
# JRE version: Java(TM) SE Runtime Environment (17.0.8+9) (build 17.0.8+9-LTS-211)
# Java VM: Java HotSpot(TM) 64-Bit Server VM (17.0.8+9-LTS-211, mixed mode, sharing, tiered, compressed oops, compressed class ptrs, g1 gc, windows-amd64)
# No core dump will be written. Minidumps are not enabled by default on client versions of Windows
#

---------------  S U M M A R Y ------------

Command Line: -Dfile.encoding=UTF-8 --module-path=D:\Mis documentos\NetBeansProjects\Bank-management-System-in-java\build\classes presentacion.MainFrm

Host: AMD Ryzen 5 3600 6-Core Processor              , 12 cores, 7G,  Windows 10 , 64 bit Build 19041 (10.0.19041.4597)
Time: Sat Aug 10 20:10:53 2024 Hora est. Pacífico, Sudamérica elapsed time: 5.249449 seconds (0d 0h 0m 5s)

---------------  T H R E A D  ---------------

Current thread (0x00000276b809a8e0):  JavaThread "C2 CompilerThread0" daemon [_thread_in_native, id=21820, stack(0x000000ebc6200000,0x000000ebc6300000)]


Current CompileTask:
C2:   5249 1895       4       sun.java2d.SunGraphics2D::invalidatePipe (41 bytes)

Stack: [0x000000ebc6200000,0x000000ebc6300000]
Native frames: (J=compiled Java code, j=interpreted, Vv=VM code, C=native code)
V  [jvm.dll+0x677d0a]
V  [jvm.dll+0x7d8c54]
V  [jvm.dll+0x7da3fe]
V  [jvm.dll+0x7daa63]
V  [jvm.dll+0x245c5f]
V  [jvm.dll+0xaaa6b]
V  [jvm.dll+0xab00c]
V  [jvm.dll+0x2ab5cf]
V  [jvm.dll+0x580435]
V  [jvm.dll+0x220b22]
V  [jvm.dll+0x220eff]
V  [jvm.dll+0x219e56]
V  [jvm.dll+0x217329]
V  [jvm.dll+0x1a3af0]
V  [jvm.dll+0x2270be]
V  [jvm.dll+0x22535b]
V  [jvm.dll+0x78e7bc]
V  [jvm.dll+0x788bba]
V  [jvm.dll+0x676b35]
C  [ucrtbase.dll+0x21bb2]
C  [KERNEL32.DLL+0x17374]
C  [ntdll.dll+0x4cc91]


---------------  P R O C E S S  ---------------

Threads class SMR info:
_java_thread_list=0x000002768759b7f0, length=18, elements={
0x00000276b8073950, 0x00000276b80746d0, 0x00000276b8084930, 0x00000276b80853f0,
0x00000276b8087cc0, 0x00000276b8088580, 0x00000276b809a8e0, 0x00000276b809d1f0,
0x00000276b809e2d0, 0x00000276b826e550, 0x00000276b82d7350, 0x00000276b84ecf10,
0x00000276b84ed3e0, 0x00000276b84ed8b0, 0x0000027680881f70, 0x0000027680889890,
0x00000276808b5870, 0x00000276808b6bb0
}

Java Threads: ( => current thread )
  0x00000276b8073950 JavaThread "Reference Handler" daemon [_thread_blocked, id=26060, stack(0x000000ebc5c00000,0x000000ebc5d00000)]
  0x00000276b80746d0 JavaThread "Finalizer" daemon [_thread_blocked, id=25656, stack(0x000000ebc5d00000,0x000000ebc5e00000)]
  0x00000276b8084930 JavaThread "Signal Dispatcher" daemon [_thread_blocked, id=25616, stack(0x000000ebc5e00000,0x000000ebc5f00000)]
  0x00000276b80853f0 JavaThread "Attach Listener" daemon [_thread_blocked, id=25672, stack(0x000000ebc5f00000,0x000000ebc6000000)]
  0x00000276b8087cc0 JavaThread "Service Thread" daemon [_thread_blocked, id=25620, stack(0x000000ebc6000000,0x000000ebc6100000)]
  0x00000276b8088580 JavaThread "Monitor Deflation Thread" daemon [_thread_blocked, id=23204, stack(0x000000ebc6100000,0x000000ebc6200000)]
=>0x00000276b809a8e0 JavaThread "C2 CompilerThread0" daemon [_thread_in_native, id=21820, stack(0x000000ebc6200000,0x000000ebc6300000)]
  0x00000276b809d1f0 JavaThread "C1 CompilerThread0" daemon [_thread_blocked, id=26064, stack(0x000000ebc6300000,0x000000ebc6400000)]
  0x00000276b809e2d0 JavaThread "Sweeper thread" daemon [_thread_blocked, id=4852, stack(0x000000ebc6400000,0x000000ebc6500000)]
  0x00000276b826e550 JavaThread "Common-Cleaner" daemon [_thread_blocked, id=25100, stack(0x000000ebc6500000,0x000000ebc6600000)]
  0x00000276b82d7350 JavaThread "Notification Thread" daemon [_thread_blocked, id=25712, stack(0x000000ebc6600000,0x000000ebc6700000)]
  0x00000276b84ecf10 JavaThread "Java2D Disposer" daemon [_thread_blocked, id=3460, stack(0x000000ebc6800000,0x000000ebc6900000)]
  0x00000276b84ed3e0 JavaThread "AWT-Shutdown" [_thread_blocked, id=25136, stack(0x000000ebc6900000,0x000000ebc6a00000)]
  0x00000276b84ed8b0 JavaThread "AWT-Windows" daemon [_thread_in_native, id=21408, stack(0x000000ebc6a00000,0x000000ebc6b00000)]
  0x0000027680881f70 JavaThread "Image Fetcher 3" daemon [_thread_blocked, id=22312, stack(0x000000ebc6c00000,0x000000ebc6d00000)]
  0x0000027680889890 JavaThread "AWT-EventQueue-0" [_thread_blocked, id=25944, stack(0x000000ebc6d00000,0x000000ebc6e00000)]
  0x00000276808b5870 JavaThread "DestroyJavaVM" [_thread_blocked, id=25680, stack(0x000000ebc5500000,0x000000ebc5600000)]
  0x00000276808b6bb0 JavaThread "D3D Screen Updater" daemon [_thread_blocked, id=20076, stack(0x000000ebc7a00000,0x000000ebc7b00000)]

Other Threads:
  0x00000276b806ef40 VMThread "VM Thread" [stack: 0x000000ebc5b00000,0x000000ebc5c00000] [id=26056]
  0x0000027699b68ab0 WatcherThread [stack: 0x000000ebc6700000,0x000000ebc6800000] [id=3276]
  0x0000027699b4e110 GCTaskThread "GC Thread#0" [stack: 0x000000ebc5600000,0x000000ebc5700000] [id=25684]
  0x0000027686eb4b40 GCTaskThread "GC Thread#1" [stack: 0x000000ebc6f00000,0x000000ebc7000000] [id=25952]
  0x0000027686eb4df0 GCTaskThread "GC Thread#2" [stack: 0x000000ebc7000000,0x000000ebc7100000] [id=26288]
  0x000002768707c6e0 GCTaskThread "GC Thread#3" [stack: 0x000000ebc7100000,0x000000ebc7200000] [id=26296]
  0x000002768707bed0 GCTaskThread "GC Thread#4" [stack: 0x000000ebc7200000,0x000000ebc7300000] [id=26292]
  0x000002768707b970 GCTaskThread "GC Thread#5" [stack: 0x000000ebc7300000,0x000000ebc7400000] [id=25760]
  0x000002768707b410 GCTaskThread "GC Thread#6" [stack: 0x000000ebc7400000,0x000000ebc7500000] [id=26304]
  0x000002768707bc20 GCTaskThread "GC Thread#7" [stack: 0x000000ebc7500000,0x000000ebc7600000] [id=26280]
  0x000002768707b6c0 GCTaskThread "GC Thread#8" [stack: 0x000000ebc7600000,0x000000ebc7700000] [id=26316]
  0x000002768707c180 GCTaskThread "GC Thread#9" [stack: 0x000000ebc7700000,0x000000ebc7800000] [id=26236]
  0x0000027699b60d00 ConcurrentGCThread "G1 Main Marker" [stack: 0x000000ebc5700000,0x000000ebc5800000] [id=26040]
  0x0000027699b61dc0 ConcurrentGCThread "G1 Conc#0" [stack: 0x000000ebc5800000,0x000000ebc5900000] [id=26048]
  0x000002768707b160 ConcurrentGCThread "G1 Conc#1" [stack: 0x000000ebc7800000,0x000000ebc7900000] [id=26320]
  0x000002768707c990 ConcurrentGCThread "G1 Conc#2" [stack: 0x000000ebc7900000,0x000000ebc7a00000] [id=25724]
  0x00000276b7f320c0 ConcurrentGCThread "G1 Refine#0" [stack: 0x000000ebc5900000,0x000000ebc5a00000] [id=26052]
  0x00000276b7f329f0 ConcurrentGCThread "G1 Service" [stack: 0x000000ebc5a00000,0x000000ebc5b00000] [id=26044]

Threads with active compile tasks:
C2 CompilerThread0     5272 1895       4       sun.java2d.SunGraphics2D::invalidatePipe (41 bytes)

VM state: not at safepoint (normal execution)

VM Mutex/Monitor currently owned by a thread: None

Heap address: 0x0000000081400000, size: 2028 MB, Compressed Oops mode: 32-bit

CDS archive(s) mapped at: [0x00000276b9000000-0x00000276b9bd0000-0x00000276b9bd0000), size 12386304, SharedBaseAddress: 0x00000276b9000000, ArchiveRelocationMode: 1.
Compressed class space mapped at: 0x00000276ba000000-0x00000276fa000000, reserved size: 1073741824
Narrow klass base: 0x00000276b9000000, Narrow klass shift: 0, Narrow klass range: 0x100000000

GC Precious Log:
 CPUs: 12 total, 12 available
 Memory: 8110M
 Large Page Support: Disabled
 NUMA Support: Disabled
 Compressed Oops: Enabled (32-bit)
 Heap Region Size: 1M
 Heap Min Capacity: 8M
 Heap Initial Capacity: 128M
 Heap Max Capacity: 2028M
 Pre-touch: Disabled
 Parallel Workers: 10
 Concurrent Workers: 3
 Concurrent Refinement Workers: 10
 Periodic GC: Disabled

Heap:
 garbage-first heap   total 233472K, used 172248K [0x0000000081400000, 0x0000000100000000)
  region size 1024K, 61 young (62464K), 1 survivors (1024K)
 Metaspace       used 11090K, committed 11264K, reserved 1114112K
  class space    used 1269K, committed 1344K, reserved 1048576K

Heap Regions: E=young(eden), S=young(survivor), O=old, HS=humongous(starts), HC=humongous(continues), CS=collection set, F=free, OA=open archive, CA=closed archive, TAMS=top-at-mark-start (previous, next)
|   0|0x0000000081400000, 0x0000000081500000, 0x0000000081500000|100%| O|  |TAMS 0x0000000081500000, 0x0000000081400000| Untracked 
|   1|0x0000000081500000, 0x0000000081600000, 0x0000000081600000|100%|HS|  |TAMS 0x0000000081600000, 0x0000000081500000| Complete 
|   2|0x0000000081600000, 0x0000000081700000, 0x0000000081700000|100%|HC|  |TAMS 0x0000000081700000, 0x0000000081600000| Complete 
|   3|0x0000000081700000, 0x0000000081800000, 0x0000000081800000|100%|HC|  |TAMS 0x0000000081800000, 0x0000000081700000| Complete 
|   4|0x0000000081800000, 0x0000000081900000, 0x0000000081900000|100%|HC|  |TAMS 0x0000000081900000, 0x0000000081800000| Complete 
|   5|0x0000000081900000, 0x0000000081a00000, 0x0000000081a00000|100%|HC|  |TAMS 0x0000000081a00000, 0x0000000081900000| Complete 
|   6|0x0000000081a00000, 0x0000000081b00000, 0x0000000081b00000|100%|HC|  |TAMS 0x0000000081b00000, 0x0000000081a00000| Complete 
|   7|0x0000000081b00000, 0x0000000081c00000, 0x0000000081c00000|100%|HC|  |TAMS 0x0000000081c00000, 0x0000000081b00000| Complete 
|   8|0x0000000081c00000, 0x0000000081d00000, 0x0000000081d00000|100%|HC|  |TAMS 0x0000000081d00000, 0x0000000081c00000| Complete 
|   9|0x0000000081d00000, 0x0000000081e00000, 0x0000000081e00000|100%|HC|  |TAMS 0x0000000081e00000, 0x0000000081d00000| Complete 
|  10|0x0000000081e00000, 0x0000000081f00000, 0x0000000081f00000|100%|HC|  |TAMS 0x0000000081f00000, 0x0000000081e00000| Complete 
|  11|0x0000000081f00000, 0x0000000082000000, 0x0000000082000000|100%|HC|  |TAMS 0x0000000082000000, 0x0000000081f00000| Complete 
|  12|0x0000000082000000, 0x0000000082100000, 0x0000000082100000|100%|HC|  |TAMS 0x0000000082100000, 0x0000000082000000| Complete 
|  13|0x0000000082100000, 0x0000000082200000, 0x0000000082200000|100%|HC|  |TAMS 0x0000000082200000, 0x0000000082100000| Complete 
|  14|0x0000000082200000, 0x0000000082300000, 0x0000000082300000|100%|HC|  |TAMS 0x0000000082300000, 0x0000000082200000| Complete 
|  15|0x0000000082300000, 0x0000000082400000, 0x0000000082400000|100%|HC|  |TAMS 0x0000000082400000, 0x0000000082300000| Complete 
|  16|0x0000000082400000, 0x0000000082500000, 0x0000000082500000|100%|HC|  |TAMS 0x0000000082500000, 0x0000000082400000| Complete 
|  17|0x0000000082500000, 0x0000000082600000, 0x0000000082600000|100%|HC|  |TAMS 0x0000000082600000, 0x0000000082500000| Complete 
|  18|0x0000000082600000, 0x0000000082700000, 0x0000000082700000|100%|HC|  |TAMS 0x0000000082700000, 0x0000000082600000| Complete 
|  19|0x0000000082700000, 0x0000000082800000, 0x0000000082800000|100%|HC|  |TAMS 0x0000000082800000, 0x0000000082700000| Complete 
|  20|0x0000000082800000, 0x0000000082900000, 0x0000000082900000|100%|HC|  |TAMS 0x0000000082900000, 0x0000000082800000| Complete 
|  21|0x0000000082900000, 0x0000000082a00000, 0x0000000082a00000|100%|HC|  |TAMS 0x0000000082a00000, 0x0000000082900000| Complete 
|  22|0x0000000082a00000, 0x0000000082b00000, 0x0000000082b00000|100%|HC|  |TAMS 0x0000000082b00000, 0x0000000082a00000| Complete 
|  23|0x0000000082b00000, 0x0000000082c00000, 0x0000000082c00000|100%|HC|  |TAMS 0x0000000082c00000, 0x0000000082b00000| Complete 
|  24|0x0000000082c00000, 0x0000000082d00000, 0x0000000082d00000|100%|HC|  |TAMS 0x0000000082d00000, 0x0000000082c00000| Complete 
|  25|0x0000000082d00000, 0x0000000082e00000, 0x0000000082e00000|100%|HC|  |TAMS 0x0000000082e00000, 0x0000000082d00000| Complete 
|  26|0x0000000082e00000, 0x0000000082f00000, 0x0000000082f00000|100%|HC|  |TAMS 0x0000000082f00000, 0x0000000082e00000| Complete 
|  27|0x0000000082f00000, 0x0000000083000000, 0x0000000083000000|100%|HC|  |TAMS 0x0000000083000000, 0x0000000082f00000| Complete 
|  28|0x0000000083000000, 0x0000000083100000, 0x0000000083100000|100%|HC|  |TAMS 0x0000000083100000, 0x0000000083000000| Complete 
|  29|0x0000000083100000, 0x0000000083200000, 0x0000000083200000|100%|HC|  |TAMS 0x0000000083200000, 0x0000000083100000| Complete 
|  30|0x0000000083200000, 0x0000000083300000, 0x0000000083300000|100%|HC|  |TAMS 0x0000000083300000, 0x0000000083200000| Complete 
|  31|0x0000000083300000, 0x0000000083400000, 0x0000000083400000|100%|HC|  |TAMS 0x0000000083400000, 0x0000000083300000| Complete 
|  32|0x0000000083400000, 0x0000000083500000, 0x0000000083500000|100%|HC|  |TAMS 0x0000000083500000, 0x0000000083400000| Complete 
|  33|0x0000000083500000, 0x0000000083600000, 0x0000000083600000|100%|HC|  |TAMS 0x0000000083600000, 0x0000000083500000| Complete 
|  34|0x0000000083600000, 0x0000000083700000, 0x0000000083700000|100%|HC|  |TAMS 0x0000000083700000, 0x0000000083600000| Complete 
|  35|0x0000000083700000, 0x0000000083800000, 0x0000000083800000|100%|HC|  |TAMS 0x0000000083800000, 0x0000000083700000| Complete 
|  36|0x0000000083800000, 0x0000000083900000, 0x0000000083900000|100%|HC|  |TAMS 0x0000000083900000, 0x0000000083800000| Complete 
|  37|0x0000000083900000, 0x0000000083a00000, 0x0000000083a00000|100%|HC|  |TAMS 0x0000000083a00000, 0x0000000083900000| Complete 
|  38|0x0000000083a00000, 0x0000000083b00000, 0x0000000083b00000|100%|HC|  |TAMS 0x0000000083b00000, 0x0000000083a00000| Complete 
|  39|0x0000000083b00000, 0x0000000083c00000, 0x0000000083c00000|100%|HC|  |TAMS 0x0000000083c00000, 0x0000000083b00000| Complete 
|  40|0x0000000083c00000, 0x0000000083d00000, 0x0000000083d00000|100%|HC|  |TAMS 0x0000000083d00000, 0x0000000083c00000| Complete 
|  41|0x0000000083d00000, 0x0000000083e00000, 0x0000000083e00000|100%|HC|  |TAMS 0x0000000083e00000, 0x0000000083d00000| Complete 
|  42|0x0000000083e00000, 0x0000000083f00000, 0x0000000083f00000|100%|HC|  |TAMS 0x0000000083f00000, 0x0000000083e00000| Complete 
|  43|0x0000000083f00000, 0x0000000084000000, 0x0000000084000000|100%|HC|  |TAMS 0x0000000084000000, 0x0000000083f00000| Complete 
|  44|0x0000000084000000, 0x0000000084100000, 0x0000000084100000|100%|HC|  |TAMS 0x0000000084100000, 0x0000000084000000| Complete 
|  45|0x0000000084100000, 0x0000000084200000, 0x0000000084200000|100%|HC|  |TAMS 0x0000000084200000, 0x0000000084100000| Complete 
|  46|0x0000000084200000, 0x0000000084300000, 0x0000000084300000|100%|HC|  |TAMS 0x0000000084300000, 0x0000000084200000| Complete 
|  47|0x0000000084300000, 0x0000000084400000, 0x0000000084400000|100%|HC|  |TAMS 0x0000000084400000, 0x0000000084300000| Complete 
|  48|0x0000000084400000, 0x0000000084500000, 0x0000000084500000|100%|HC|  |TAMS 0x0000000084500000, 0x0000000084400000| Complete 
|  49|0x0000000084500000, 0x0000000084600000, 0x0000000084600000|100%|HC|  |TAMS 0x0000000084600000, 0x0000000084500000| Complete 
|  50|0x0000000084600000, 0x0000000084700000, 0x0000000084700000|100%|HC|  |TAMS 0x0000000084700000, 0x0000000084600000| Complete 
|  51|0x0000000084700000, 0x0000000084800000, 0x0000000084800000|100%|HC|  |TAMS 0x0000000084800000, 0x0000000084700000| Complete 
|  52|0x0000000084800000, 0x0000000084900000, 0x0000000084900000|100%|HC|  |TAMS 0x0000000084900000, 0x0000000084800000| Complete 
|  53|0x0000000084900000, 0x0000000084a00000, 0x0000000084a00000|100%|HC|  |TAMS 0x0000000084a00000, 0x0000000084900000| Complete 
|  54|0x0000000084a00000, 0x0000000084b00000, 0x0000000084b00000|100%|HC|  |TAMS 0x0000000084b00000, 0x0000000084a00000| Complete 
|  55|0x0000000084b00000, 0x0000000084c00000, 0x0000000084c00000|100%|HC|  |TAMS 0x0000000084c00000, 0x0000000084b00000| Complete 
|  56|0x0000000084c00000, 0x0000000084d00000, 0x0000000084d00000|100%|HC|  |TAMS 0x0000000084d00000, 0x0000000084c00000| Complete 
|  57|0x0000000084d00000, 0x0000000084e00000, 0x0000000084e00000|100%|HC|  |TAMS 0x0000000084e00000, 0x0000000084d00000| Complete 
|  58|0x0000000084e00000, 0x0000000084f00000, 0x0000000084f00000|100%|HC|  |TAMS 0x0000000084f00000, 0x0000000084e00000| Complete 
|  59|0x0000000084f00000, 0x0000000085000000, 0x0000000085000000|100%|HC|  |TAMS 0x0000000085000000, 0x0000000084f00000| Complete 
|  60|0x0000000085000000, 0x0000000085100000, 0x0000000085100000|100%|HC|  |TAMS 0x0000000085100000, 0x0000000085000000| Complete 
|  61|0x0000000085100000, 0x0000000085200000, 0x0000000085200000|100%|HC|  |TAMS 0x0000000085200000, 0x0000000085100000| Complete 
|  62|0x0000000085200000, 0x0000000085300000, 0x0000000085300000|100%|HC|  |TAMS 0x0000000085300000, 0x0000000085200000| Complete 
|  63|0x0000000085300000, 0x0000000085400000, 0x0000000085400000|100%|HC|  |TAMS 0x0000000085400000, 0x0000000085300000| Complete 
|  64|0x0000000085400000, 0x0000000085500000, 0x0000000085500000|100%|HC|  |TAMS 0x0000000085500000, 0x0000000085400000| Complete 
|  65|0x0000000085500000, 0x0000000085600000, 0x0000000085600000|100%|HC|  |TAMS 0x0000000085600000, 0x0000000085500000| Complete 
|  66|0x0000000085600000, 0x0000000085700000, 0x0000000085700000|100%|HC|  |TAMS 0x0000000085700000, 0x0000000085600000| Complete 
|  67|0x0000000085700000, 0x0000000085800000, 0x0000000085800000|100%|HC|  |TAMS 0x0000000085800000, 0x0000000085700000| Complete 
|  68|0x0000000085800000, 0x0000000085900000, 0x0000000085900000|100%|HC|  |TAMS 0x0000000085900000, 0x0000000085800000| Complete 
|  69|0x0000000085900000, 0x0000000085a00000, 0x0000000085a00000|100%|HC|  |TAMS 0x0000000085a00000, 0x0000000085900000| Complete 
|  70|0x0000000085a00000, 0x0000000085b00000, 0x0000000085b00000|100%|HC|  |TAMS 0x0000000085b00000, 0x0000000085a00000| Complete 
|  71|0x0000000085b00000, 0x0000000085c00000, 0x0000000085c00000|100%|HC|  |TAMS 0x0000000085c00000, 0x0000000085b00000| Complete 
|  72|0x0000000085c00000, 0x0000000085d00000, 0x0000000085d00000|100%|HC|  |TAMS 0x0000000085d00000, 0x0000000085c00000| Complete 
|  73|0x0000000085d00000, 0x0000000085e00000, 0x0000000085e00000|100%|HC|  |TAMS 0x0000000085e00000, 0x0000000085d00000| Complete 
|  74|0x0000000085e00000, 0x0000000085f00000, 0x0000000085f00000|100%|HC|  |TAMS 0x0000000085f00000, 0x0000000085e00000| Complete 
|  75|0x0000000085f00000, 0x0000000086000000, 0x0000000086000000|100%|HC|  |TAMS 0x0000000086000000, 0x0000000085f00000| Complete 
|  76|0x0000000086000000, 0x0000000086100000, 0x0000000086100000|100%|HC|  |TAMS 0x0000000086100000, 0x0000000086000000| Complete 
|  77|0x0000000086100000, 0x0000000086200000, 0x0000000086200000|100%|HC|  |TAMS 0x0000000086200000, 0x0000000086100000| Complete 
|  78|0x0000000086200000, 0x0000000086300000, 0x0000000086300000|100%|HC|  |TAMS 0x0000000086300000, 0x0000000086200000| Complete 
|  79|0x0000000086300000, 0x0000000086400000, 0x0000000086400000|100%|HC|  |TAMS 0x0000000086400000, 0x0000000086300000| Complete 
|  80|0x0000000086400000, 0x0000000086500000, 0x0000000086500000|100%|HC|  |TAMS 0x0000000086500000, 0x0000000086400000| Complete 
|  81|0x0000000086500000, 0x0000000086600000, 0x0000000086600000|100%|HC|  |TAMS 0x0000000086600000, 0x0000000086500000| Complete 
|  82|0x0000000086600000, 0x0000000086700000, 0x0000000086700000|100%|HC|  |TAMS 0x0000000086700000, 0x0000000086600000| Complete 
|  83|0x0000000086700000, 0x0000000086800000, 0x0000000086800000|100%|HC|  |TAMS 0x0000000086800000, 0x0000000086700000| Complete 
|  84|0x0000000086800000, 0x0000000086900000, 0x0000000086900000|100%|HC|  |TAMS 0x0000000086900000, 0x0000000086800000| Complete 
|  85|0x0000000086900000, 0x0000000086a00000, 0x0000000086a00000|100%|HC|  |TAMS 0x0000000086a00000, 0x0000000086900000| Complete 
|  86|0x0000000086a00000, 0x0000000086b00000, 0x0000000086b00000|100%|HC|  |TAMS 0x0000000086b00000, 0x0000000086a00000| Complete 
|  87|0x0000000086b00000, 0x0000000086c00000, 0x0000000086c00000|100%|HC|  |TAMS 0x0000000086c00000, 0x0000000086b00000| Complete 
|  88|0x0000000086c00000, 0x0000000086d00000, 0x0000000086d00000|100%|HC|  |TAMS 0x0000000086d00000, 0x0000000086c00000| Complete 
|  89|0x0000000086d00000, 0x0000000086e00000, 0x0000000086e00000|100%|HC|  |TAMS 0x0000000086e00000, 0x0000000086d00000| Complete 
|  90|0x0000000086e00000, 0x0000000086f00000, 0x0000000086f00000|100%|HC|  |TAMS 0x0000000086f00000, 0x0000000086e00000| Complete 
|  91|0x0000000086f00000, 0x0000000087000000, 0x0000000087000000|100%|HC|  |TAMS 0x0000000087000000, 0x0000000086f00000| Complete 
|  92|0x0000000087000000, 0x0000000087100000, 0x0000000087100000|100%|HC|  |TAMS 0x0000000087100000, 0x0000000087000000| Complete 
|  93|0x0000000087100000, 0x0000000087200000, 0x0000000087200000|100%|HC|  |TAMS 0x0000000087200000, 0x0000000087100000| Complete 
|  94|0x0000000087200000, 0x0000000087300000, 0x0000000087300000|100%|HC|  |TAMS 0x0000000087300000, 0x0000000087200000| Complete 
|  95|0x0000000087300000, 0x0000000087400000, 0x0000000087400000|100%|HC|  |TAMS 0x0000000087400000, 0x0000000087300000| Complete 
|  96|0x0000000087400000, 0x0000000087500000, 0x0000000087500000|100%|HC|  |TAMS 0x0000000087500000, 0x0000000087400000| Complete 
|  97|0x0000000087500000, 0x0000000087600000, 0x0000000087600000|100%|HC|  |TAMS 0x0000000087600000, 0x0000000087500000| Complete 
|  98|0x0000000087600000, 0x0000000087700000, 0x0000000087700000|100%|HC|  |TAMS 0x0000000087700000, 0x0000000087600000| Complete 
|  99|0x0000000087700000, 0x0000000087800000, 0x0000000087800000|100%|HC|  |TAMS 0x0000000087800000, 0x0000000087700000| Complete 
| 100|0x0000000087800000, 0x0000000087900000, 0x0000000087900000|100%|HC|  |TAMS 0x0000000087900000, 0x0000000087800000| Complete 
| 101|0x0000000087900000, 0x0000000087a00000, 0x0000000087a00000|100%|HC|  |TAMS 0x0000000087a00000, 0x0000000087900000| Complete 
| 102|0x0000000087a00000, 0x0000000087b00000, 0x0000000087b00000|100%|HC|  |TAMS 0x0000000087b00000, 0x0000000087a00000| Complete 
| 103|0x0000000087b00000, 0x0000000087c00000, 0x0000000087c00000|100%|HC|  |TAMS 0x0000000087c00000, 0x0000000087b00000| Complete 
| 104|0x0000000087c00000, 0x0000000087d00000, 0x0000000087d00000|100%|HC|  |TAMS 0x0000000087d00000, 0x0000000087c00000| Complete 
| 105|0x0000000087d00000, 0x0000000087e00000, 0x0000000087e00000|100%|HC|  |TAMS 0x0000000087e00000, 0x0000000087d00000| Complete 
| 106|0x0000000087e00000, 0x0000000087f00000, 0x0000000087f00000|100%|HC|  |TAMS 0x0000000087f00000, 0x0000000087e00000| Complete 
| 107|0x0000000087f00000, 0x0000000088000000, 0x0000000088000000|100%|HC|  |TAMS 0x0000000088000000, 0x0000000087f00000| Complete 
| 108|0x0000000088000000, 0x0000000088100000, 0x0000000088100000|100%| O|  |TAMS 0x0000000088100000, 0x0000000088000000| Untracked 
| 109|0x0000000088100000, 0x0000000088200000, 0x0000000088200000|100%| O|  |TAMS 0x0000000088200000, 0x0000000088100000| Untracked 
| 110|0x0000000088200000, 0x0000000088233800, 0x0000000088300000| 20%| O|  |TAMS 0x0000000088233800, 0x0000000088200000| Untracked 
| 111|0x0000000088300000, 0x0000000088300000, 0x0000000088400000|  0%| F|  |TAMS 0x0000000088300000, 0x0000000088300000| Untracked 
| 112|0x0000000088400000, 0x0000000088400000, 0x0000000088500000|  0%| F|  |TAMS 0x0000000088400000, 0x0000000088400000| Untracked 
| 113|0x0000000088500000, 0x0000000088500000, 0x0000000088600000|  0%| F|  |TAMS 0x0000000088500000, 0x0000000088500000| Untracked 
| 114|0x0000000088600000, 0x0000000088600000, 0x0000000088700000|  0%| F|  |TAMS 0x0000000088600000, 0x0000000088600000| Untracked 
| 115|0x0000000088700000, 0x0000000088700000, 0x0000000088800000|  0%| F|  |TAMS 0x0000000088700000, 0x0000000088700000| Untracked 
| 116|0x0000000088800000, 0x0000000088800000, 0x0000000088900000|  0%| F|  |TAMS 0x0000000088800000, 0x0000000088800000| Untracked 
| 117|0x0000000088900000, 0x0000000088900000, 0x0000000088a00000|  0%| F|  |TAMS 0x0000000088900000, 0x0000000088900000| Untracked 
| 118|0x0000000088a00000, 0x0000000088a00000, 0x0000000088b00000|  0%| F|  |TAMS 0x0000000088a00000, 0x0000000088a00000| Untracked 
| 119|0x0000000088b00000, 0x0000000088b00000, 0x0000000088c00000|  0%| F|  |TAMS 0x0000000088b00000, 0x0000000088b00000| Untracked 
| 120|0x0000000088c00000, 0x0000000088c00000, 0x0000000088d00000|  0%| F|  |TAMS 0x0000000088c00000, 0x0000000088c00000| Untracked 
| 121|0x0000000088d00000, 0x0000000088d00000, 0x0000000088e00000|  0%| F|  |TAMS 0x0000000088d00000, 0x0000000088d00000| Untracked 
| 122|0x0000000088e00000, 0x0000000088e00000, 0x0000000088f00000|  0%| F|  |TAMS 0x0000000088e00000, 0x0000000088e00000| Untracked 
| 123|0x0000000088f00000, 0x0000000088f00000, 0x0000000089000000|  0%| F|  |TAMS 0x0000000088f00000, 0x0000000088f00000| Untracked 
| 124|0x0000000089000000, 0x0000000089000000, 0x0000000089100000|  0%| F|  |TAMS 0x0000000089000000, 0x0000000089000000| Untracked 
| 125|0x0000000089100000, 0x0000000089100000, 0x0000000089200000|  0%| F|  |TAMS 0x0000000089100000, 0x0000000089100000| Untracked 
| 126|0x0000000089200000, 0x0000000089200000, 0x0000000089300000|  0%| F|  |TAMS 0x0000000089200000, 0x0000000089200000| Untracked 
| 127|0x0000000089300000, 0x0000000089300000, 0x0000000089400000|  0%| F|  |TAMS 0x0000000089300000, 0x0000000089300000| Untracked 
| 128|0x0000000089400000, 0x0000000089400000, 0x0000000089500000|  0%| F|  |TAMS 0x0000000089400000, 0x0000000089400000| Untracked 
| 129|0x0000000089500000, 0x0000000089500000, 0x0000000089600000|  0%| F|  |TAMS 0x0000000089500000, 0x0000000089500000| Untracked 
| 130|0x0000000089600000, 0x0000000089600000, 0x0000000089700000|  0%| F|  |TAMS 0x0000000089600000, 0x0000000089600000| Untracked 
| 131|0x0000000089700000, 0x0000000089700000, 0x0000000089800000|  0%| F|  |TAMS 0x0000000089700000, 0x0000000089700000| Untracked 
| 132|0x0000000089800000, 0x0000000089800000, 0x0000000089900000|  0%| F|  |TAMS 0x0000000089800000, 0x0000000089800000| Untracked 
| 133|0x0000000089900000, 0x0000000089900000, 0x0000000089a00000|  0%| F|  |TAMS 0x0000000089900000, 0x0000000089900000| Untracked 
| 134|0x0000000089a00000, 0x0000000089a00000, 0x0000000089b00000|  0%| F|  |TAMS 0x0000000089a00000, 0x0000000089a00000| Untracked 
| 135|0x0000000089b00000, 0x0000000089b00000, 0x0000000089c00000|  0%| F|  |TAMS 0x0000000089b00000, 0x0000000089b00000| Untracked 
| 136|0x0000000089c00000, 0x0000000089c00000, 0x0000000089d00000|  0%| F|  |TAMS 0x0000000089c00000, 0x0000000089c00000| Untracked 
| 137|0x0000000089d00000, 0x0000000089d00000, 0x0000000089e00000|  0%| F|  |TAMS 0x0000000089d00000, 0x0000000089d00000| Untracked 
| 138|0x0000000089e00000, 0x0000000089e00000, 0x0000000089f00000|  0%| F|  |TAMS 0x0000000089e00000, 0x0000000089e00000| Untracked 
| 139|0x0000000089f00000, 0x0000000089f00000, 0x000000008a000000|  0%| F|  |TAMS 0x0000000089f00000, 0x0000000089f00000| Untracked 
| 140|0x000000008a000000, 0x000000008a000000, 0x000000008a100000|  0%| F|  |TAMS 0x000000008a000000, 0x000000008a000000| Untracked 
| 141|0x000000008a100000, 0x000000008a100000, 0x000000008a200000|  0%| F|  |TAMS 0x000000008a100000, 0x000000008a100000| Untracked 
| 142|0x000000008a200000, 0x000000008a200000, 0x000000008a300000|  0%| F|  |TAMS 0x000000008a200000, 0x000000008a200000| Untracked 
| 143|0x000000008a300000, 0x000000008a300000, 0x000000008a400000|  0%| F|  |TAMS 0x000000008a300000, 0x000000008a300000| Untracked 
| 144|0x000000008a400000, 0x000000008a400000, 0x000000008a500000|  0%| F|  |TAMS 0x000000008a400000, 0x000000008a400000| Untracked 
| 145|0x000000008a500000, 0x000000008a500000, 0x000000008a600000|  0%| F|  |TAMS 0x000000008a500000, 0x000000008a500000| Untracked 
| 146|0x000000008a600000, 0x000000008a600000, 0x000000008a700000|  0%| F|  |TAMS 0x000000008a600000, 0x000000008a600000| Untracked 
| 147|0x000000008a700000, 0x000000008a700000, 0x000000008a800000|  0%| F|  |TAMS 0x000000008a700000, 0x000000008a700000| Untracked 
| 148|0x000000008a800000, 0x000000008a800000, 0x000000008a900000|  0%| F|  |TAMS 0x000000008a800000, 0x000000008a800000| Untracked 
| 149|0x000000008a900000, 0x000000008a902850, 0x000000008aa00000|  0%| S|CS|TAMS 0x000000008a900000, 0x000000008a900000| Complete 
| 150|0x000000008aa00000, 0x000000008aa00000, 0x000000008ab00000|  0%| F|  |TAMS 0x000000008aa00000, 0x000000008aa00000| Untracked 
| 151|0x000000008ab00000, 0x000000008ab00000, 0x000000008ac00000|  0%| F|  |TAMS 0x000000008ab00000, 0x000000008ab00000| Untracked 
| 152|0x000000008ac00000, 0x000000008ac00000, 0x000000008ad00000|  0%| F|  |TAMS 0x000000008ac00000, 0x000000008ac00000| Untracked 
| 153|0x000000008ad00000, 0x000000008ad00000, 0x000000008ae00000|  0%| F|  |TAMS 0x000000008ad00000, 0x000000008ad00000| Untracked 
| 154|0x000000008ae00000, 0x000000008ae00000, 0x000000008af00000|  0%| F|  |TAMS 0x000000008ae00000, 0x000000008ae00000| Untracked 
| 155|0x000000008af00000, 0x000000008af00000, 0x000000008b000000|  0%| F|  |TAMS 0x000000008af00000, 0x000000008af00000| Untracked 
| 156|0x000000008b000000, 0x000000008b000000, 0x000000008b100000|  0%| F|  |TAMS 0x000000008b000000, 0x000000008b000000| Untracked 
| 157|0x000000008b100000, 0x000000008b100000, 0x000000008b200000|  0%| F|  |TAMS 0x000000008b100000, 0x000000008b100000| Untracked 
| 158|0x000000008b200000, 0x000000008b200000, 0x000000008b300000|  0%| F|  |TAMS 0x000000008b200000, 0x000000008b200000| Untracked 
| 159|0x000000008b300000, 0x000000008b300000, 0x000000008b400000|  0%| F|  |TAMS 0x000000008b300000, 0x000000008b300000| Untracked 
| 160|0x000000008b400000, 0x000000008b400000, 0x000000008b500000|  0%| F|  |TAMS 0x000000008b400000, 0x000000008b400000| Untracked 
| 161|0x000000008b500000, 0x000000008b500000, 0x000000008b600000|  0%| F|  |TAMS 0x000000008b500000, 0x000000008b500000| Untracked 
| 162|0x000000008b600000, 0x000000008b600000, 0x000000008b700000|  0%| F|  |TAMS 0x000000008b600000, 0x000000008b600000| Untracked 
| 163|0x000000008b700000, 0x000000008b700000, 0x000000008b800000|  0%| F|  |TAMS 0x000000008b700000, 0x000000008b700000| Untracked 
| 164|0x000000008b800000, 0x000000008b800000, 0x000000008b900000|  0%| F|  |TAMS 0x000000008b800000, 0x000000008b800000| Untracked 
| 165|0x000000008b900000, 0x000000008b900000, 0x000000008ba00000|  0%| F|  |TAMS 0x000000008b900000, 0x000000008b900000| Untracked 
| 166|0x000000008ba00000, 0x000000008ba00000, 0x000000008bb00000|  0%| F|  |TAMS 0x000000008ba00000, 0x000000008ba00000| Untracked 
| 167|0x000000008bb00000, 0x000000008bb00000, 0x000000008bc00000|  0%| F|  |TAMS 0x000000008bb00000, 0x000000008bb00000| Untracked 
| 168|0x000000008bc00000, 0x000000008bc80800, 0x000000008bd00000| 50%| E|  |TAMS 0x000000008bc00000, 0x000000008bc00000| Complete 
| 169|0x000000008bd00000, 0x000000008be00000, 0x000000008be00000|100%| E|CS|TAMS 0x000000008bd00000, 0x000000008bd00000| Complete 
| 170|0x000000008be00000, 0x000000008bf00000, 0x000000008bf00000|100%| E|CS|TAMS 0x000000008be00000, 0x000000008be00000| Complete 
| 171|0x000000008bf00000, 0x000000008c000000, 0x000000008c000000|100%| E|CS|TAMS 0x000000008bf00000, 0x000000008bf00000| Complete 
| 172|0x000000008c000000, 0x000000008c100000, 0x000000008c100000|100%| E|CS|TAMS 0x000000008c000000, 0x000000008c000000| Complete 
| 173|0x000000008c100000, 0x000000008c200000, 0x000000008c200000|100%| E|CS|TAMS 0x000000008c100000, 0x000000008c100000| Complete 
| 174|0x000000008c200000, 0x000000008c300000, 0x000000008c300000|100%| E|CS|TAMS 0x000000008c200000, 0x000000008c200000| Complete 
| 175|0x000000008c300000, 0x000000008c400000, 0x000000008c400000|100%| E|CS|TAMS 0x000000008c300000, 0x000000008c300000| Complete 
| 176|0x000000008c400000, 0x000000008c500000, 0x000000008c500000|100%| E|CS|TAMS 0x000000008c400000, 0x000000008c400000| Complete 
| 177|0x000000008c500000, 0x000000008c600000, 0x000000008c600000|100%| E|CS|TAMS 0x000000008c500000, 0x000000008c500000| Complete 
| 178|0x000000008c600000, 0x000000008c700000, 0x000000008c700000|100%| E|CS|TAMS 0x000000008c600000, 0x000000008c600000| Complete 
| 179|0x000000008c700000, 0x000000008c800000, 0x000000008c800000|100%| E|  |TAMS 0x000000008c700000, 0x000000008c700000| Complete 
| 180|0x000000008c800000, 0x000000008c900000, 0x000000008c900000|100%| E|CS|TAMS 0x000000008c800000, 0x000000008c800000| Complete 
| 181|0x000000008c900000, 0x000000008ca00000, 0x000000008ca00000|100%| E|CS|TAMS 0x000000008c900000, 0x000000008c900000| Complete 
| 182|0x000000008ca00000, 0x000000008cb00000, 0x000000008cb00000|100%| E|CS|TAMS 0x000000008ca00000, 0x000000008ca00000| Complete 
| 183|0x000000008cb00000, 0x000000008cc00000, 0x000000008cc00000|100%| E|CS|TAMS 0x000000008cb00000, 0x000000008cb00000| Complete 
| 184|0x000000008cc00000, 0x000000008cd00000, 0x000000008cd00000|100%| E|CS|TAMS 0x000000008cc00000, 0x000000008cc00000| Complete 
| 185|0x000000008cd00000, 0x000000008ce00000, 0x000000008ce00000|100%| E|CS|TAMS 0x000000008cd00000, 0x000000008cd00000| Complete 
| 186|0x000000008ce00000, 0x000000008cf00000, 0x000000008cf00000|100%| E|CS|TAMS 0x000000008ce00000, 0x000000008ce00000| Complete 
| 187|0x000000008cf00000, 0x000000008d000000, 0x000000008d000000|100%| E|CS|TAMS 0x000000008cf00000, 0x000000008cf00000| Complete 
| 188|0x000000008d000000, 0x000000008d100000, 0x000000008d100000|100%| E|CS|TAMS 0x000000008d000000, 0x000000008d000000| Complete 
| 189|0x000000008d100000, 0x000000008d200000, 0x000000008d200000|100%| E|CS|TAMS 0x000000008d100000, 0x000000008d100000| Complete 
| 190|0x000000008d200000, 0x000000008d300000, 0x000000008d300000|100%| E|CS|TAMS 0x000000008d200000, 0x000000008d200000| Complete 
| 191|0x000000008d300000, 0x000000008d400000, 0x000000008d400000|100%| E|CS|TAMS 0x000000008d300000, 0x000000008d300000| Complete 
| 192|0x000000008d400000, 0x000000008d500000, 0x000000008d500000|100%| E|CS|TAMS 0x000000008d400000, 0x000000008d400000| Complete 
| 193|0x000000008d500000, 0x000000008d600000, 0x000000008d600000|100%| E|CS|TAMS 0x000000008d500000, 0x000000008d500000| Complete 
| 194|0x000000008d600000, 0x000000008d700000, 0x000000008d700000|100%| E|CS|TAMS 0x000000008d600000, 0x000000008d600000| Complete 
| 195|0x000000008d700000, 0x000000008d800000, 0x000000008d800000|100%| E|CS|TAMS 0x000000008d700000, 0x000000008d700000| Complete 
| 196|0x000000008d800000, 0x000000008d900000, 0x000000008d900000|100%| E|CS|TAMS 0x000000008d800000, 0x000000008d800000| Complete 
| 197|0x000000008d900000, 0x000000008da00000, 0x000000008da00000|100%| E|CS|TAMS 0x000000008d900000, 0x000000008d900000| Complete 
| 198|0x000000008da00000, 0x000000008db00000, 0x000000008db00000|100%| E|CS|TAMS 0x000000008da00000, 0x000000008da00000| Complete 
| 199|0x000000008db00000, 0x000000008dc00000, 0x000000008dc00000|100%| E|CS|TAMS 0x000000008db00000, 0x000000008db00000| Complete 
| 200|0x000000008dc00000, 0x000000008dd00000, 0x000000008dd00000|100%| E|CS|TAMS 0x000000008dc00000, 0x000000008dc00000| Complete 
| 201|0x000000008dd00000, 0x000000008de00000, 0x000000008de00000|100%| E|CS|TAMS 0x000000008dd00000, 0x000000008dd00000| Complete 
| 202|0x000000008de00000, 0x000000008df00000, 0x000000008df00000|100%| E|CS|TAMS 0x000000008de00000, 0x000000008de00000| Complete 
| 203|0x000000008df00000, 0x000000008e000000, 0x000000008e000000|100%| E|CS|TAMS 0x000000008df00000, 0x000000008df00000| Complete 
| 204|0x000000008e000000, 0x000000008e100000, 0x000000008e100000|100%| E|CS|TAMS 0x000000008e000000, 0x000000008e000000| Complete 
| 205|0x000000008e100000, 0x000000008e200000, 0x000000008e200000|100%| E|CS|TAMS 0x000000008e100000, 0x000000008e100000| Complete 
| 206|0x000000008e200000, 0x000000008e300000, 0x000000008e300000|100%| E|CS|TAMS 0x000000008e200000, 0x000000008e200000| Complete 
| 207|0x000000008e300000, 0x000000008e400000, 0x000000008e400000|100%| E|CS|TAMS 0x000000008e300000, 0x000000008e300000| Complete 
| 208|0x000000008e400000, 0x000000008e500000, 0x000000008e500000|100%| E|CS|TAMS 0x000000008e400000, 0x000000008e400000| Complete 
| 209|0x000000008e500000, 0x000000008e600000, 0x000000008e600000|100%| E|CS|TAMS 0x000000008e500000, 0x000000008e500000| Complete 
| 210|0x000000008e600000, 0x000000008e700000, 0x000000008e700000|100%| E|CS|TAMS 0x000000008e600000, 0x000000008e600000| Complete 
| 211|0x000000008e700000, 0x000000008e800000, 0x000000008e800000|100%| E|CS|TAMS 0x000000008e700000, 0x000000008e700000| Complete 
| 212|0x000000008e800000, 0x000000008e900000, 0x000000008e900000|100%| E|CS|TAMS 0x000000008e800000, 0x000000008e800000| Complete 
| 213|0x000000008e900000, 0x000000008ea00000, 0x000000008ea00000|100%| E|CS|TAMS 0x000000008e900000, 0x000000008e900000| Complete 
| 214|0x000000008ea00000, 0x000000008eb00000, 0x000000008eb00000|100%| E|CS|TAMS 0x000000008ea00000, 0x000000008ea00000| Complete 
| 215|0x000000008eb00000, 0x000000008ec00000, 0x000000008ec00000|100%| E|CS|TAMS 0x000000008eb00000, 0x000000008eb00000| Complete 
| 216|0x000000008ec00000, 0x000000008ed00000, 0x000000008ed00000|100%| E|CS|TAMS 0x000000008ec00000, 0x000000008ec00000| Complete 
| 217|0x000000008ed00000, 0x000000008ee00000, 0x000000008ee00000|100%| E|CS|TAMS 0x000000008ed00000, 0x000000008ed00000| Complete 
| 218|0x000000008ee00000, 0x000000008ef00000, 0x000000008ef00000|100%| E|CS|TAMS 0x000000008ee00000, 0x000000008ee00000| Complete 
| 219|0x000000008ef00000, 0x000000008f000000, 0x000000008f000000|100%| E|CS|TAMS 0x000000008ef00000, 0x000000008ef00000| Complete 
| 220|0x000000008f000000, 0x000000008f100000, 0x000000008f100000|100%| E|CS|TAMS 0x000000008f000000, 0x000000008f000000| Complete 
| 221|0x000000008f100000, 0x000000008f200000, 0x000000008f200000|100%| E|CS|TAMS 0x000000008f100000, 0x000000008f100000| Complete 
| 222|0x000000008f200000, 0x000000008f300000, 0x000000008f300000|100%| E|CS|TAMS 0x000000008f200000, 0x000000008f200000| Complete 
| 223|0x000000008f300000, 0x000000008f400000, 0x000000008f400000|100%| E|CS|TAMS 0x000000008f300000, 0x000000008f300000| Complete 
| 224|0x000000008f400000, 0x000000008f500000, 0x000000008f500000|100%| E|CS|TAMS 0x000000008f400000, 0x000000008f400000| Complete 
| 225|0x000000008f500000, 0x000000008f600000, 0x000000008f600000|100%| E|CS|TAMS 0x000000008f500000, 0x000000008f500000| Complete 
| 226|0x000000008f600000, 0x000000008f700000, 0x000000008f700000|100%| E|CS|TAMS 0x000000008f600000, 0x000000008f600000| Complete 
| 227|0x000000008f700000, 0x000000008f800000, 0x000000008f800000|100%| E|CS|TAMS 0x000000008f700000, 0x000000008f700000| Complete 

Card table byte_map: [0x00000276b0cf0000,0x00000276b10f0000] _byte_map_base: 0x00000276b08e6000

Marking Bits (Prev, Next): (CMBitMap*) 0x0000027699b4f640, (CMBitMap*) 0x0000027699b4f680
 Prev Bits: [0x00000276b14f0000, 0x00000276b34a0000)
 Next Bits: [0x00000276b34a0000, 0x00000276b5450000)

Polling page: 0x0000027697980000

Metaspace:

Usage:
  Non-class:      9.59 MB used.
      Class:      1.24 MB used.
       Both:     10.83 MB used.

Virtual space:
  Non-class space:       64.00 MB reserved,       9.69 MB ( 15%) committed,  1 nodes.
      Class space:        1.00 GB reserved,       1.31 MB ( <1%) committed,  1 nodes.
             Both:        1.06 GB reserved,      11.00 MB (  1%) committed. 

Chunk freelists:
   Non-Class:  6.16 MB
       Class:  14.71 MB
        Both:  20.88 MB

MaxMetaspaceSize: unlimited
CompressedClassSpaceSize: 1.00 GB
Initial GC threshold: 21.00 MB
Current GC threshold: 21.00 MB
CDS: on
MetaspaceReclaimPolicy: balanced
 - commit_granule_bytes: 65536.
 - commit_granule_words: 8192.
 - virtual_space_node_default_size: 8388608.
 - enlarge_chunks_in_place: 1.
 - new_chunks_are_fully_committed: 0.
 - uncommit_free_chunks: 1.
 - use_allocation_guard: 0.
 - handle_deallocations: 1.


Internal statistics:

num_allocs_failed_limit: 0.
num_arena_births: 150.
num_arena_deaths: 0.
num_vsnodes_births: 2.
num_vsnodes_deaths: 0.
num_space_committed: 176.
num_space_uncommitted: 0.
num_chunks_returned_to_freelist: 0.
num_chunks_taken_from_freelist: 232.
num_chunk_merges: 0.
num_chunk_splits: 124.
num_chunks_enlarged: 38.
num_purges: 0.
num_inconsistent_stats: 0.

CodeHeap 'non-profiled nmethods': size=120000Kb used=584Kb max_used=584Kb free=119415Kb
 bounds [0x00000276a8e70000, 0x00000276a90e0000, 0x00000276b03a0000]
CodeHeap 'profiled nmethods': size=120000Kb used=3441Kb max_used=3441Kb free=116558Kb
 bounds [0x00000276a13a0000, 0x00000276a1700000, 0x00000276a88d0000]
CodeHeap 'non-nmethods': size=5760Kb used=1331Kb max_used=1364Kb free=4428Kb
 bounds [0x00000276a88d0000, 0x00000276a8b40000, 0x00000276a8e70000]
 total_blobs=2568 nmethods=1895 adapters=585
 compilation: enabled
              stopped_count=0, restarted_count=0
 full_count=0

Compilation events (20 events):
Event: 5.159 Thread 0x00000276b809d1f0 nmethod 1886 0x00000276a16f9410 code [0x00000276a16f95a0, 0x00000276a16f96b8]
Event: 5.219 Thread 0x00000276b809d1f0 1887       3       javax.swing.plaf.synth.SynthStyle::getColor (222 bytes)
Event: 5.220 Thread 0x00000276b809a8e0 1895       4       sun.java2d.SunGraphics2D::invalidatePipe (41 bytes)
Event: 5.220 Thread 0x00000276b809d1f0 nmethod 1887 0x00000276a16f9790 code [0x00000276a16f9b00, 0x00000276a16fbc18]
Event: 5.220 Thread 0x00000276b809d1f0 1888       1       sun.font.GlyphList::getNumGlyphs (5 bytes)
Event: 5.220 Thread 0x00000276b809d1f0 nmethod 1888 0x00000276a8f00890 code [0x00000276a8f00a20, 0x00000276a8f00af8]
Event: 5.220 Thread 0x00000276b809d1f0 1889       1       sun.font.GlyphList::getImages (5 bytes)
Event: 5.220 Thread 0x00000276b809d1f0 nmethod 1889 0x00000276a8f00b90 code [0x00000276a8f00d20, 0x00000276a8f00df8]
Event: 5.220 Thread 0x00000276b809d1f0 1890       1       sun.font.GlyphList::getX (5 bytes)
Event: 5.220 Thread 0x00000276b809d1f0 nmethod 1890 0x00000276a8f00e90 code [0x00000276a8f01020, 0x00000276a8f010f8]
Event: 5.220 Thread 0x00000276b809d1f0 1891       1       sun.font.GlyphList::getY (5 bytes)
Event: 5.220 Thread 0x00000276b809d1f0 nmethod 1891 0x00000276a8f01190 code [0x00000276a8f01320, 0x00000276a8f013f8]
Event: 5.220 Thread 0x00000276b809d1f0 1892       1       sun.font.GlyphList::getStrike (5 bytes)
Event: 5.220 Thread 0x00000276b809d1f0 nmethod 1892 0x00000276a8f01490 code [0x00000276a8f01620, 0x00000276a8f016f8]
Event: 5.220 Thread 0x00000276b809d1f0 1893       1       sun.font.GlyphList::isSubPixPos (5 bytes)
Event: 5.220 Thread 0x00000276b809d1f0 nmethod 1893 0x00000276a8f01790 code [0x00000276a8f01920, 0x00000276a8f019f8]
Event: 5.220 Thread 0x00000276b809d1f0 1894       1       sun.font.GlyphList::isRGBOrder (5 bytes)
Event: 5.220 Thread 0x00000276b809d1f0 nmethod 1894 0x00000276a8f01a90 code [0x00000276a8f01c20, 0x00000276a8f01cf8]
Event: 5.220 Thread 0x00000276b809d1f0 1897       1       javax.swing.JComponent::isOptimizedDrawingEnabled (2 bytes)
Event: 5.220 Thread 0x00000276b809d1f0 nmethod 1897 0x00000276a8f01d90 code [0x00000276a8f01f20, 0x00000276a8f01ff8]

GC Heap History (10 events):
Event: 0.409 GC heap before
{Heap before GC invocations=0 (full 0):
 garbage-first heap   total 131072K, used 10240K [0x0000000081400000, 0x0000000100000000)
  region size 1024K, 11 young (11264K), 0 survivors (0K)
 Metaspace       used 8667K, committed 8960K, reserved 1114112K
  class space    used 999K, committed 1152K, reserved 1048576K
}
Event: 0.414 GC heap after
{Heap after GC invocations=1 (full 0):
 garbage-first heap   total 131072K, used 3285K [0x0000000081400000, 0x0000000100000000)
  region size 1024K, 3 young (3072K), 3 survivors (3072K)
 Metaspace       used 8667K, committed 8960K, reserved 1114112K
  class space    used 999K, committed 1152K, reserved 1048576K
}
Event: 0.488 GC heap before
{Heap before GC invocations=1 (full 0):
 garbage-first heap   total 131072K, used 121045K [0x0000000081400000, 0x0000000100000000)
  region size 1024K, 13 young (13312K), 3 survivors (3072K)
 Metaspace       used 8715K, committed 8960K, reserved 1114112K
  class space    used 1001K, committed 1152K, reserved 1048576K
}
Event: 0.490 GC heap after
{Heap after GC invocations=2 (full 0):
 garbage-first heap   total 131072K, used 113149K [0x0000000081400000, 0x0000000100000000)
  region size 1024K, 1 young (1024K), 1 survivors (1024K)
 Metaspace       used 8715K, committed 8960K, reserved 1114112K
  class space    used 1001K, committed 1152K, reserved 1048576K
}
Event: 0.499 GC heap before
{Heap before GC invocations=2 (full 0):
 garbage-first heap   total 131072K, used 117245K [0x0000000081400000, 0x0000000100000000)
  region size 1024K, 6 young (6144K), 1 survivors (1024K)
 Metaspace       used 8716K, committed 8960K, reserved 1114112K
  class space    used 1001K, committed 1152K, reserved 1048576K
}
Event: 0.500 GC heap after
{Heap after GC invocations=3 (full 0):
 garbage-first heap   total 131072K, used 112972K [0x0000000081400000, 0x0000000100000000)
  region size 1024K, 1 young (1024K), 1 survivors (1024K)
 Metaspace       used 8716K, committed 8960K, reserved 1114112K
  class space    used 1001K, committed 1152K, reserved 1048576K
}
Event: 0.511 GC heap before
{Heap before GC invocations=4 (full 0):
 garbage-first heap   total 194560K, used 117068K [0x0000000081400000, 0x0000000100000000)
  region size 1024K, 6 young (6144K), 1 survivors (1024K)
 Metaspace       used 8716K, committed 8960K, reserved 1114112K
  class space    used 1001K, committed 1152K, reserved 1048576K
}
Event: 0.511 GC heap after
{Heap after GC invocations=5 (full 0):
 garbage-first heap   total 194560K, used 112877K [0x0000000081400000, 0x0000000100000000)
  region size 1024K, 1 young (1024K), 1 survivors (1024K)
 Metaspace       used 8716K, committed 8960K, reserved 1114112K
  class space    used 1001K, committed 1152K, reserved 1048576K
}
Event: 0.589 GC heap before
{Heap before GC invocations=5 (full 0):
 garbage-first heap   total 194560K, used 151789K [0x0000000081400000, 0x0000000100000000)
  region size 1024K, 40 young (40960K), 1 survivors (1024K)
 Metaspace       used 8716K, committed 8960K, reserved 1114112K
  class space    used 1001K, committed 1152K, reserved 1048576K
}
Event: 0.589 GC heap after
{Heap after GC invocations=6 (full 0):
 garbage-first heap   total 233472K, used 112856K [0x0000000081400000, 0x0000000100000000)
  region size 1024K, 1 young (1024K), 1 survivors (1024K)
 Metaspace       used 8716K, committed 8960K, reserved 1114112K
  class space    used 1001K, committed 1152K, reserved 1048576K
}

Deoptimization events (20 events):
Event: 0.903 Thread 0x0000027680889890 Uncommon trap: trap_request=0xffffff45 fr.pc=0x00000276a8ed4ffc relative=0x0000000000000adc
Event: 0.903 Thread 0x0000027680889890 Uncommon trap: reason=unstable_if action=reinterpret pc=0x00000276a8ed4ffc method=java.util.concurrent.ConcurrentHashMap.putVal(Ljava/lang/Object;Ljava/lang/Object;Z)Ljava/lang/Object; @ 219 c2
Event: 0.903 Thread 0x0000027680889890 DEOPT PACKING pc=0x00000276a8ed4ffc sp=0x000000ebc6dfe5c0
Event: 0.903 Thread 0x0000027680889890 DEOPT UNPACKING pc=0x00000276a89223a3 sp=0x000000ebc6dfe530 mode 2
Event: 2.359 Thread 0x0000027680889890 Uncommon trap: trap_request=0xffffffbe fr.pc=0x00000276a8ef461c relative=0x000000000000103c
Event: 2.359 Thread 0x0000027680889890 Uncommon trap: reason=profile_predicate action=maybe_recompile pc=0x00000276a8ef461c method=javax.swing.GroupLayout$Group.calculateSize(II)I @ 71 c2
Event: 2.359 Thread 0x0000027680889890 DEOPT PACKING pc=0x00000276a8ef461c sp=0x000000ebc6dfdba0
Event: 2.359 Thread 0x0000027680889890 DEOPT UNPACKING pc=0x00000276a89223a3 sp=0x000000ebc6dfdb48 mode 2
Event: 2.359 Thread 0x0000027680889890 Uncommon trap: trap_request=0xffffffbe fr.pc=0x00000276a8ef461c relative=0x000000000000103c
Event: 2.359 Thread 0x0000027680889890 Uncommon trap: reason=profile_predicate action=maybe_recompile pc=0x00000276a8ef461c method=javax.swing.GroupLayout$Group.calculateSize(II)I @ 71 c2
Event: 2.359 Thread 0x0000027680889890 DEOPT PACKING pc=0x00000276a8ef461c sp=0x000000ebc6dfd9f0
Event: 2.359 Thread 0x0000027680889890 DEOPT UNPACKING pc=0x00000276a89223a3 sp=0x000000ebc6dfd998 mode 2
Event: 2.359 Thread 0x0000027680889890 Uncommon trap: trap_request=0xffffffbe fr.pc=0x00000276a8ef461c relative=0x000000000000103c
Event: 2.359 Thread 0x0000027680889890 Uncommon trap: reason=profile_predicate action=maybe_recompile pc=0x00000276a8ef461c method=javax.swing.GroupLayout$Group.calculateSize(II)I @ 71 c2
Event: 2.359 Thread 0x0000027680889890 DEOPT PACKING pc=0x00000276a8ef461c sp=0x000000ebc6dfdca0
Event: 2.359 Thread 0x0000027680889890 DEOPT UNPACKING pc=0x00000276a89223a3 sp=0x000000ebc6dfdc48 mode 2
Event: 2.359 Thread 0x0000027680889890 Uncommon trap: trap_request=0xffffffbe fr.pc=0x00000276a8ef461c relative=0x000000000000103c
Event: 2.359 Thread 0x0000027680889890 Uncommon trap: reason=profile_predicate action=maybe_recompile pc=0x00000276a8ef461c method=javax.swing.GroupLayout$Group.calculateSize(II)I @ 71 c2
Event: 2.359 Thread 0x0000027680889890 DEOPT PACKING pc=0x00000276a8ef461c sp=0x000000ebc6dfdaf0
Event: 2.359 Thread 0x0000027680889890 DEOPT UNPACKING pc=0x00000276a89223a3 sp=0x000000ebc6dfda98 mode 2

Classes unloaded (0 events):
No events

Classes redefined (0 events):
No events

Internal exceptions (20 events):
Event: 0.357 Thread 0x0000027699af28c0 Exception <a 'java/lang/ClassNotFoundException'{0x0000000088b4d990}: TextArea> (0x0000000088b4d990) 
thrown [s\open\src\hotspot\share\classfile\systemDictionary.cpp, line 256]
Event: 0.358 Thread 0x0000027699af28c0 Exception <a 'java/lang/ClassNotFoundException'{0x0000000088b4e2d0}: TextPane> (0x0000000088b4e2d0) 
thrown [s\open\src\hotspot\share\classfile\systemDictionary.cpp, line 256]
Event: 0.358 Thread 0x0000027699af28c0 Exception <a 'java/lang/ClassNotFoundException'{0x0000000088b4e738}: EditorPane> (0x0000000088b4e738) 
thrown [s\open\src\hotspot\share\classfile\systemDictionary.cpp, line 256]
Event: 0.358 Thread 0x0000027699af28c0 Exception <a 'java/lang/ClassNotFoundException'{0x0000000088b4f098}: ToolBar> (0x0000000088b4f098) 
thrown [s\open\src\hotspot\share\classfile\systemDictionary.cpp, line 256]
Event: 0.358 Thread 0x0000027699af28c0 Exception <a 'java/lang/ClassNotFoundException'{0x0000000088b4f590}: ToolBar> (0x0000000088b4f590) 
thrown [s\open\src\hotspot\share\classfile\systemDictionary.cpp, line 256]
Event: 0.358 Thread 0x0000027699af28c0 Exception <a 'java/lang/ClassNotFoundException'{0x0000000088b4f8f0}: Button> (0x0000000088b4f8f0) 
thrown [s\open\src\hotspot\share\classfile\systemDictionary.cpp, line 256]
Event: 0.358 Thread 0x0000027699af28c0 Exception <a 'java/lang/ClassNotFoundException'{0x0000000088b4fdb8}: ToolBar> (0x0000000088b4fdb8) 
thrown [s\open\src\hotspot\share\classfile\systemDictionary.cpp, line 256]
Event: 0.358 Thread 0x0000027699af28c0 Exception <a 'java/lang/ClassNotFoundException'{0x0000000088b50128}: ToggleButton> (0x0000000088b50128) 
thrown [s\open\src\hotspot\share\classfile\systemDictionary.cpp, line 256]
Event: 0.358 Thread 0x0000027699af28c0 Exception <a 'java/lang/ClassNotFoundException'{0x0000000088b50568}: javax/swing/JToolBarSeparator> (0x0000000088b50568) 
thrown [s\open\src\hotspot\share\classfile\systemDictionary.cpp, line 256]
Event: 0.358 Thread 0x0000027699af28c0 Exception <a 'java/lang/ClassNotFoundException'{0x0000000088b50870}: ToolBarSeparator> (0x0000000088b50870) 
thrown [s\open\src\hotspot\share\classfile\systemDictionary.cpp, line 256]
Event: 0.358 Thread 0x0000027699af28c0 Exception <a 'java/lang/ClassNotFoundException'{0x0000000088b50d88}: ToolTip> (0x0000000088b50d88) 
thrown [s\open\src\hotspot\share\classfile\systemDictionary.cpp, line 256]
Event: 0.359 Thread 0x0000027699af28c0 Exception <a 'java/lang/ClassNotFoundException'{0x0000000088b516d8}: Tree> (0x0000000088b516d8) 
thrown [s\open\src\hotspot\share\classfile\systemDictionary.cpp, line 256]
Event: 0.359 Thread 0x0000027699af28c0 Exception <a 'java/lang/ClassNotFoundException'{0x0000000088b51bd0}: Tree> (0x0000000088b51bd0) 
thrown [s\open\src\hotspot\share\classfile\systemDictionary.cpp, line 256]
Event: 0.359 Thread 0x0000027699af28c0 Exception <a 'java/lang/ClassNotFoundException'{0x0000000088b51f40}: javax/swing/JTreeCell> (0x0000000088b51f40) 
thrown [s\open\src\hotspot\share\classfile\systemDictionary.cpp, line 256]
Event: 0.359 Thread 0x0000027699af28c0 Exception <a 'java/lang/ClassNotFoundException'{0x0000000088b52240}: TreeCell> (0x0000000088b52240) 
thrown [s\open\src\hotspot\share\classfile\systemDictionary.cpp, line 256]
Event: 0.359 Thread 0x0000027699af28c0 Exception <a 'java/lang/ClassNotFoundException'{0x0000000088b52840}: RootPane> (0x0000000088b52840) 
thrown [s\open\src\hotspot\share\classfile\systemDictionary.cpp, line 256]
Event: 0.364 Thread 0x0000027699af28c0 Exception <a 'java/lang/ClassNotFoundException'{0x0000000088b8dc28}: com/sun/swing/internal/plaf/synth/resources/spi/synthProvider> (0x0000000088b8dc28) 
thrown [s\open\src\hotspot\share\classfile\systemDictionary.cpp, line 256]
Event: 0.692 Thread 0x0000027680889890 Exception <a 'java/lang/NoSuchMethodError'{0x000000008c545258}: 'void java.lang.invoke.DirectMethodHandle$Holder.invokeStaticInit(java.lang.Object)'> (0x000000008c545258) 
thrown [s\open\src\hotspot\share\interpreter\linkResolver.cpp, line 759]
Event: 0.724 Thread 0x00000276b84ed8b0 Exception <a 'java/lang/NoSuchMethodError'{0x000000008c308468}: 'void java.lang.invoke.DirectMethodHandle$Holder.invokeVirtual(java.lang.Object, java.lang.Object)'> (0x000000008c308468) 
thrown [s\open\src\hotspot\share\interpreter\linkResolver.cpp, line 759]
Event: 0.906 Thread 0x0000027680889890 Exception <a 'java/lang/NoSuchMethodError'{0x000000008be22ef8}: 'java.lang.Object java.lang.invoke.DirectMethodHandle$Holder.invokeSpecial(java.lang.Object, java.lang.Object, int, java.lang.Object, int)'> (0x000000008be22ef8) 
thrown [s\open\src\hotspot\share\interpreter\linkResolver.cpp, line 759]

VM Operations (20 events):
Event: 0.593 Executing VM operation: G1Concurrent
Event: 0.593 Executing VM operation: G1Concurrent done
Event: 0.720 Executing VM operation: HandshakeAllThreads
Event: 0.720 Executing VM operation: HandshakeAllThreads done
Event: 0.907 Executing VM operation: ICBufferFull
Event: 0.907 Executing VM operation: ICBufferFull done
Event: 0.936 Executing VM operation: HandshakeAllThreads
Event: 0.936 Executing VM operation: HandshakeAllThreads done
Event: 0.957 Executing VM operation: HandshakeAllThreads
Event: 0.957 Executing VM operation: HandshakeAllThreads done
Event: 1.069 Executing VM operation: HandshakeAllThreads
Event: 1.069 Executing VM operation: HandshakeAllThreads done
Event: 2.073 Executing VM operation: Cleanup
Event: 2.073 Executing VM operation: Cleanup done
Event: 3.083 Executing VM operation: Cleanup
Event: 3.083 Executing VM operation: Cleanup done
Event: 4.097 Executing VM operation: Cleanup
Event: 4.097 Executing VM operation: Cleanup done
Event: 5.105 Executing VM operation: Cleanup
Event: 5.105 Executing VM operation: Cleanup done

Events (20 events):
Event: 1.201 loading class sun/awt/im/InputMethodAdapter done
Event: 1.201 loading class sun/awt/windows/WInputMethod done
Event: 1.202 loading class java/awt/TextComponent
Event: 1.202 loading class java/awt/TextComponent done
Event: 1.202 loading class java/awt/KeyboardFocusManager$3
Event: 1.202 loading class java/awt/KeyboardFocusManager$3 done
Event: 1.205 loading class sun/awt/im/CompositionAreaHandler
Event: 1.205 loading class sun/awt/im/CompositionAreaHandler done
Event: 1.205 loading class java/text/AttributedString
Event: 1.205 loading class java/text/AttributedString done
Event: 1.205 loading class java/text/AttributedString$AttributedStringIterator
Event: 1.205 loading class java/text/AttributedCharacterIterator
Event: 1.205 loading class java/text/CharacterIterator
Event: 1.205 loading class java/text/CharacterIterator done
Event: 1.205 loading class java/text/AttributedCharacterIterator done
Event: 1.205 loading class java/text/AttributedString$AttributedStringIterator done
Event: 1.363 loading class java/awt/LightweightDispatcher$2
Event: 1.363 loading class java/awt/LightweightDispatcher$2 done
Event: 2.258 loading class sun/awt/windows/WComponentPeer$1
Event: 2.259 loading class sun/awt/windows/WComponentPeer$1 done


Dynamic libraries:
0x00007ff6fe930000 - 0x00007ff6fe940000 	C:\Program Files\Java\jdk-17\bin\java.exe
0x00007ffd73b10000 - 0x00007ffd73d08000 	C:\Windows\SYSTEM32\ntdll.dll
0x00007ffd72c00000 - 0x00007ffd72cc1000 	C:\Windows\System32\KERNEL32.DLL
0x00007ffd711c0000 - 0x00007ffd714b6000 	C:\Windows\System32\KERNELBASE.dll
0x00007ffd718f0000 - 0x00007ffd719f0000 	C:\Windows\System32\ucrtbase.dll
0x00007ffd6e300000 - 0x00007ffd6e31b000 	C:\Program Files\Java\jdk-17\bin\VCRUNTIME140.dll
0x00007ffd5b2b0000 - 0x00007ffd5b2c9000 	C:\Program Files\Java\jdk-17\bin\jli.dll
0x00007ffd71b40000 - 0x00007ffd71bf0000 	C:\Windows\System32\ADVAPI32.dll
0x00007ffd72f70000 - 0x00007ffd7300e000 	C:\Windows\System32\msvcrt.dll
0x00007ffd71e80000 - 0x00007ffd71f20000 	C:\Windows\System32\sechost.dll
0x00007ffd71d10000 - 0x00007ffd71e33000 	C:\Windows\System32\RPCRT4.dll
0x00007ffd718c0000 - 0x00007ffd718e7000 	C:\Windows\System32\bcrypt.dll
0x00007ffd731a0000 - 0x00007ffd7333f000 	C:\Windows\System32\USER32.dll
0x00007ffd71610000 - 0x00007ffd71632000 	C:\Windows\System32\win32u.dll
0x00007ffd660e0000 - 0x00007ffd6637a000 	C:\Windows\WinSxS\amd64_microsoft.windows.common-controls_6595b64144ccf1df_6.0.19041.4355_none_60b8b9eb71f62e16\COMCTL32.dll
0x00007ffd73480000 - 0x00007ffd734ab000 	C:\Windows\System32\GDI32.dll
0x00007ffd71640000 - 0x00007ffd71757000 	C:\Windows\System32\gdi32full.dll
0x00007ffd71aa0000 - 0x00007ffd71b3d000 	C:\Windows\System32\msvcp_win.dll
0x00007ffd69c90000 - 0x00007ffd69c9a000 	C:\Windows\SYSTEM32\VERSION.dll
0x00007ffd71e50000 - 0x00007ffd71e7f000 	C:\Windows\System32\IMM32.DLL
0x00007ffd6e3d0000 - 0x00007ffd6e3dc000 	C:\Program Files\Java\jdk-17\bin\vcruntime140_1.dll
0x00007ffd59390000 - 0x00007ffd5941e000 	C:\Program Files\Java\jdk-17\bin\msvcp140.dll
0x00007ffcf1000000 - 0x00007ffcf1bde000 	C:\Program Files\Java\jdk-17\bin\server\jvm.dll
0x00007ffd73470000 - 0x00007ffd73478000 	C:\Windows\System32\PSAPI.DLL
0x00007ffd57980000 - 0x00007ffd57989000 	C:\Windows\SYSTEM32\WSOCK32.dll
0x00007ffd66a90000 - 0x00007ffd66ab7000 	C:\Windows\SYSTEM32\WINMM.dll
0x00007ffd71ca0000 - 0x00007ffd71d0b000 	C:\Windows\System32\WS2_32.dll
0x00007ffd6f060000 - 0x00007ffd6f072000 	C:\Windows\SYSTEM32\kernel.appcore.dll
0x00007ffd6b2b0000 - 0x00007ffd6b2ba000 	C:\Program Files\Java\jdk-17\bin\jimage.dll
0x00007ffd67ff0000 - 0x00007ffd681d4000 	C:\Windows\SYSTEM32\DBGHELP.DLL
0x00007ffd67a80000 - 0x00007ffd67ab4000 	C:\Windows\SYSTEM32\dbgcore.DLL
0x00007ffd714c0000 - 0x00007ffd71542000 	C:\Windows\System32\bcryptPrimitives.dll
0x00007ffd6bd10000 - 0x00007ffd6bd35000 	C:\Program Files\Java\jdk-17\bin\java.dll
0x00007ffd49630000 - 0x00007ffd49707000 	C:\Program Files\Java\jdk-17\bin\jsvml.dll
0x00007ffd72430000 - 0x00007ffd72b9c000 	C:\Windows\System32\SHELL32.dll
0x00007ffd6f260000 - 0x00007ffd6f9fe000 	C:\Windows\SYSTEM32\windows.storage.dll
0x00007ffd720d0000 - 0x00007ffd72423000 	C:\Windows\System32\combase.dll
0x00007ffd70be0000 - 0x00007ffd70c0e000 	C:\Windows\SYSTEM32\Wldp.dll
0x00007ffd733a0000 - 0x00007ffd7346d000 	C:\Windows\System32\OLEAUT32.dll
0x00007ffd71bf0000 - 0x00007ffd71c9d000 	C:\Windows\System32\SHCORE.dll
0x00007ffd73340000 - 0x00007ffd73395000 	C:\Windows\System32\shlwapi.dll
0x00007ffd710f0000 - 0x00007ffd71114000 	C:\Windows\SYSTEM32\profapi.dll
0x00007ffd64f50000 - 0x00007ffd64f69000 	C:\Program Files\Java\jdk-17\bin\net.dll
0x00007ffd6b680000 - 0x00007ffd6b78a000 	C:\Windows\SYSTEM32\WINHTTP.dll
0x00007ffd70940000 - 0x00007ffd709aa000 	C:\Windows\system32\mswsock.dll
0x00007ffd649c0000 - 0x00007ffd649d6000 	C:\Program Files\Java\jdk-17\bin\nio.dll
0x00007ffd5ef20000 - 0x00007ffd5ef38000 	C:\Program Files\Java\jdk-17\bin\zip.dll
0x00007ffcf0e60000 - 0x00007ffcf0ff1000 	C:\Program Files\Java\jdk-17\bin\awt.dll
0x00007ffd6e410000 - 0x00007ffd6e4a4000 	C:\Windows\SYSTEM32\apphelp.dll
0x00007ffd6eb80000 - 0x00007ffd6ec1e000 	C:\Windows\system32\uxtheme.dll
0x00007ffd71fb0000 - 0x00007ffd720c4000 	C:\Windows\System32\MSCTF.dll
0x00007ffd73010000 - 0x00007ffd7313b000 	C:\Windows\System32\ole32.dll
0x00007ffd6ed70000 - 0x00007ffd6ed9f000 	C:\Windows\system32\DWMAPI.DLL
0x00007ffd4b2a0000 - 0x00007ffd4b326000 	C:\Program Files\Java\jdk-17\bin\freetype.dll
0x00007ffd47ba0000 - 0x00007ffd47c73000 	C:\Program Files\Java\jdk-17\bin\fontmanager.dll
0x00007ffce6190000 - 0x00007ffce62b8000 	C:\Windows\system32\opengl32.dll
0x00007ffd5ae40000 - 0x00007ffd5ae6c000 	C:\Windows\SYSTEM32\GLU32.dll
0x00007ffd682c0000 - 0x00007ffd68490000 	C:\Windows\system32\d3d9.dll
0x00007ffd663b0000 - 0x00007ffd6649b000 	C:\Windows\System32\DriverStore\FileRepository\nv_dispi.inf_amd64_c1a085cc86772d3f\nvldumdx.dll
0x00007ffd71760000 - 0x00007ffd718be000 	C:\Windows\System32\crypt32.dll
0x00007ffd71550000 - 0x00007ffd715b9000 	C:\Windows\System32\WINTRUST.DLL
0x00007ffd70d70000 - 0x00007ffd70d82000 	C:\Windows\SYSTEM32\MSASN1.dll
0x00007ffd73ab0000 - 0x00007ffd73acd000 	C:\Windows\System32\imagehlp.dll
0x00007ffd70b40000 - 0x00007ffd70b58000 	C:\Windows\SYSTEM32\CRYPTSP.dll
0x00007ffd701f0000 - 0x00007ffd70224000 	C:\Windows\system32\rsaenh.dll
0x00007ffd70b30000 - 0x00007ffd70b3c000 	C:\Windows\SYSTEM32\CRYPTBASE.dll
0x00007ffceda30000 - 0x00007ffceec3d000 	C:\Windows\System32\DriverStore\FileRepository\nv_dispi.inf_amd64_c1a085cc86772d3f\nvd3dumx.dll
0x00007ffd70740000 - 0x00007ffd7078b000 	C:\Windows\system32\powrprof.dll
0x00007ffd705b0000 - 0x00007ffd705c2000 	C:\Windows\SYSTEM32\UMPDC.dll
0x00007ffd643c0000 - 0x00007ffd644ac000 	C:\Program Files (x86)\NVIDIA Corporation\3D Vision\nvSCPAPI64.dll
0x00007ffd73560000 - 0x00007ffd739ce000 	C:\Windows\System32\SETUPAPI.dll
0x00007ffd715c0000 - 0x00007ffd7160e000 	C:\Windows\System32\cfgmgr32.dll
0x00007ffd55140000 - 0x00007ffd553a6000 	C:\Windows\system32\nvspcap64.dll
0x00007ffd70310000 - 0x00007ffd70343000 	C:\Windows\SYSTEM32\ntmarta.dll
0x00007ffd666d0000 - 0x00007ffd6670b000 	C:\Windows\SYSTEM32\dxcore.dll
0x00007ffd5ae70000 - 0x00007ffd5ae9e000 	C:\Program Files\Java\jdk-17\bin\javajpeg.dll
0x00007ffd5f3e0000 - 0x00007ffd5f4d9000 	C:\Windows\SYSTEM32\textinputframework.dll
0x00007ffd6dc90000 - 0x00007ffd6dfeb000 	C:\Windows\System32\CoreUIComponents.dll
0x00007ffd6e100000 - 0x00007ffd6e1f2000 	C:\Windows\System32\CoreMessaging.dll
0x00007ffd6d740000 - 0x00007ffd6d897000 	C:\Windows\SYSTEM32\wintypes.dll

dbghelp: loaded successfully - version: 4.0.5 - missing functions: none
symbol engine: initialized successfully - sym options: 0x614 - pdb path: .;C:\Program Files\Java\jdk-17\bin;C:\Windows\SYSTEM32;C:\Windows\WinSxS\amd64_microsoft.windows.common-controls_6595b64144ccf1df_6.0.19041.4355_none_60b8b9eb71f62e16;C:\Program Files\Java\jdk-17\bin\server;C:\Windows\System32\DriverStore\FileRepository\nv_dispi.inf_amd64_c1a085cc86772d3f;C:\Program Files (x86)\NVIDIA Corporation\3D Vision

VM Arguments:
jvm_args: -Dfile.encoding=UTF-8 --module-path=D:\Mis documentos\NetBeansProjects\Bank-management-System-in-java\build\classes 
java_command: presentacion.MainFrm
java_class_path (initial): C:\Program Files\NetBeans-17\netbeans\java\modules\ext\AbsoluteLayout.jar;D:\Mis documentos\NetBeansProjects\Bank-management-System-in-java\build\classes
Launcher Type: SUN_STANDARD

[Global flags]
     intx CICompilerCount                          = 4                                         {product} {ergonomic}
     uint ConcGCThreads                            = 3                                         {product} {ergonomic}
     uint G1ConcRefinementThreads                  = 10                                        {product} {ergonomic}
   size_t G1HeapRegionSize                         = 1048576                                   {product} {ergonomic}
    uintx GCDrainStackTargetSize                   = 64                                        {product} {ergonomic}
   size_t InitialHeapSize                          = 134217728                                 {product} {ergonomic}
   size_t MarkStackSize                            = 4194304                                   {product} {ergonomic}
   size_t MaxHeapSize                              = 2126512128                                {product} {ergonomic}
   size_t MaxNewSize                               = 1275068416                                {product} {ergonomic}
   size_t MinHeapDeltaBytes                        = 1048576                                   {product} {ergonomic}
   size_t MinHeapSize                              = 8388608                                   {product} {ergonomic}
    uintx NonNMethodCodeHeapSize                   = 5839372                                {pd product} {ergonomic}
    uintx NonProfiledCodeHeapSize                  = 122909434                              {pd product} {ergonomic}
    uintx ProfiledCodeHeapSize                     = 122909434                              {pd product} {ergonomic}
    uintx ReservedCodeCacheSize                    = 251658240                              {pd product} {ergonomic}
     bool SegmentedCodeCache                       = true                                      {product} {ergonomic}
   size_t SoftMaxHeapSize                          = 2126512128                             {manageable} {ergonomic}
     bool UseCompressedClassPointers               = true                           {product lp64_product} {ergonomic}
     bool UseCompressedOops                        = true                           {product lp64_product} {ergonomic}
     bool UseG1GC                                  = true                                      {product} {ergonomic}
     bool UseLargePagesIndividualAllocation        = false                                  {pd product} {ergonomic}

Logging:
Log output configuration:
 #0: stdout all=warning uptime,level,tags
 #1: stderr all=off uptime,level,tags

Environment Variables:
PATH=C:\Program Files\Common Files\Oracle\Java\javapath;C:\Program Files (x86)\Common Files\Oracle\Java\javapath;C:\Windows\system32;C:\Windows;C:\Windows\System32\Wbem;C:\Windows\System32\WindowsPowerShell\v1.0\;C:\Windows\System32\OpenSSH\;C:\Program Files (x86)\NVIDIA Corporation\PhysX\Common;C:\Users\Manuel Arteaga\AppData\Local\Programs\Python\Launcher\;C:\Users\Manuel Arteaga\AppData\Local\Microsoft\WindowsApps;D:\Microsoft VS Code\bin
USERNAME=Manuel Arteaga
OS=Windows_NT
PROCESSOR_IDENTIFIER=AMD64 Family 23 Model 113 Stepping 0, AuthenticAMD



---------------  S Y S T E M  ---------------

OS:
 Windows 10 , 64 bit Build 19041 (10.0.19041.4597)
OS uptime: 0 days 11:27 hours

CPU: total 12 (initial active 12) (12 cores per cpu, 2 threads per core) family 23 model 113 stepping 0 microcode 0x0, cx8, cmov, fxsr, ht, mmx, 3dnowpref, sse, sse2, sse3, ssse3, sse4a, sse4.1, sse4.2, popcnt, lzcnt, tsc, tscinvbit, avx, avx2, aes, clmul, bmi1, bmi2, adx, sha, fma, vzeroupper, clflush, clflushopt

Memory: 4k page, system-wide physical 8110M (502M free)
TotalPageFile size 24494M (AvailPageFile size 1M)
current process WorkingSet (physical memory assigned to process): 404M, peak: 406M
current process commit charge ("private bytes"): 499M, peak: 601M

vm_info: Java HotSpot(TM) 64-Bit Server VM (17.0.8+9-LTS-211) for windows-amd64 JRE (17.0.8+9-LTS-211), built on Jun 14 2023 10:34:31 by "mach5one" with MS VC++ 17.1 (VS2022)

END.
